TN:
SF:scripts/ai-assistant.js
FN:76,(anonymous_0)
FN:163,(anonymous_1)
FN:171,(anonymous_2)
FN:179,(anonymous_3)
FN:187,(anonymous_4)
FN:195,(anonymous_5)
FN:205,(anonymous_6)
FN:213,(anonymous_7)
FN:221,(anonymous_8)
FN:229,(anonymous_9)
FN:237,(anonymous_10)
FN:245,(anonymous_11)
FN:253,(anonymous_12)
FN:266,(anonymous_13)
FN:339,(anonymous_14)
FN:383,(anonymous_15)
FN:416,(anonymous_16)
FN:448,(anonymous_17)
FN:485,(anonymous_18)
FN:536,(anonymous_19)
FN:623,(anonymous_20)
FN:651,(anonymous_21)
FN:661,(anonymous_22)
FN:669,(anonymous_23)
FN:722,(anonymous_24)
FN:746,(anonymous_25)
FN:809,(anonymous_26)
FN:856,(anonymous_27)
FN:906,(anonymous_28)
FN:941,(anonymous_29)
FN:989,(anonymous_30)
FN:1013,(anonymous_31)
FN:1030,(anonymous_32)
FN:1057,(anonymous_33)
FN:1069,(anonymous_34)
FN:1129,(anonymous_35)
FN:1161,(anonymous_36)
FN:1173,(anonymous_37)
FN:1203,(anonymous_38)
FN:1215,(anonymous_39)
FN:1216,(anonymous_40)
FN:1241,(anonymous_41)
FN:1263,(anonymous_42)
FN:1273,(anonymous_43)
FN:1292,(anonymous_44)
FN:1321,(anonymous_45)
FN:1358,(anonymous_46)
FN:1387,(anonymous_47)
FN:1402,(anonymous_48)
FN:1445,(anonymous_49)
FN:1490,(anonymous_50)
FN:1499,(anonymous_51)
FN:1508,(anonymous_52)
FN:1518,(anonymous_53)
FN:1531,(anonymous_54)
FNF:55
FNH:0
FNDA:0,(anonymous_0)
FNDA:0,(anonymous_1)
FNDA:0,(anonymous_2)
FNDA:0,(anonymous_3)
FNDA:0,(anonymous_4)
FNDA:0,(anonymous_5)
FNDA:0,(anonymous_6)
FNDA:0,(anonymous_7)
FNDA:0,(anonymous_8)
FNDA:0,(anonymous_9)
FNDA:0,(anonymous_10)
FNDA:0,(anonymous_11)
FNDA:0,(anonymous_12)
FNDA:0,(anonymous_13)
FNDA:0,(anonymous_14)
FNDA:0,(anonymous_15)
FNDA:0,(anonymous_16)
FNDA:0,(anonymous_17)
FNDA:0,(anonymous_18)
FNDA:0,(anonymous_19)
FNDA:0,(anonymous_20)
FNDA:0,(anonymous_21)
FNDA:0,(anonymous_22)
FNDA:0,(anonymous_23)
FNDA:0,(anonymous_24)
FNDA:0,(anonymous_25)
FNDA:0,(anonymous_26)
FNDA:0,(anonymous_27)
FNDA:0,(anonymous_28)
FNDA:0,(anonymous_29)
FNDA:0,(anonymous_30)
FNDA:0,(anonymous_31)
FNDA:0,(anonymous_32)
FNDA:0,(anonymous_33)
FNDA:0,(anonymous_34)
FNDA:0,(anonymous_35)
FNDA:0,(anonymous_36)
FNDA:0,(anonymous_37)
FNDA:0,(anonymous_38)
FNDA:0,(anonymous_39)
FNDA:0,(anonymous_40)
FNDA:0,(anonymous_41)
FNDA:0,(anonymous_42)
FNDA:0,(anonymous_43)
FNDA:0,(anonymous_44)
FNDA:0,(anonymous_45)
FNDA:0,(anonymous_46)
FNDA:0,(anonymous_47)
FNDA:0,(anonymous_48)
FNDA:0,(anonymous_49)
FNDA:0,(anonymous_50)
FNDA:0,(anonymous_51)
FNDA:0,(anonymous_52)
FNDA:0,(anonymous_53)
FNDA:0,(anonymous_54)
DA:14,0
DA:20,0
DA:82,0
DA:89,0
DA:96,0
DA:103,0
DA:110,0
DA:117,0
DA:124,0
DA:131,0
DA:142,0
DA:149,0
DA:156,0
DA:164,0
DA:172,0
DA:180,0
DA:188,0
DA:196,0
DA:197,0
DA:206,0
DA:214,0
DA:222,0
DA:230,0
DA:238,0
DA:246,0
DA:254,0
DA:267,0
DA:268,0
DA:271,0
DA:272,0
DA:275,0
DA:276,0
DA:277,0
DA:279,0
DA:282,0
DA:285,0
DA:286,0
DA:287,0
DA:288,0
DA:289,0
DA:293,0
DA:295,0
DA:298,0
DA:301,0
DA:304,0
DA:307,0
DA:310,0
DA:311,0
DA:313,0
DA:315,0
DA:318,0
DA:321,0
DA:327,0
DA:328,0
DA:330,0
DA:340,0
DA:341,0
DA:344,0
DA:345,0
DA:346,0
DA:353,0
DA:356,0
DA:358,0
DA:359,0
DA:360,0
DA:361,0
DA:363,0
DA:365,0
DA:368,0
DA:369,0
DA:371,0
DA:384,0
DA:385,0
DA:388,0
DA:390,0
DA:393,0
DA:395,0
DA:396,0
DA:397,0
DA:398,0
DA:400,0
DA:403,0
DA:404,0
DA:406,0
DA:417,0
DA:418,0
DA:421,0
DA:423,0
DA:424,0
DA:425,0
DA:428,0
DA:429,0
DA:432,0
DA:433,0
DA:435,0
DA:449,0
DA:450,0
DA:453,0
DA:454,0
DA:457,0
DA:459,0
DA:462,0
DA:464,0
DA:465,0
DA:466,0
DA:467,0
DA:469,0
DA:472,0
DA:473,0
DA:475,0
DA:486,0
DA:487,0
DA:488,0
DA:491,0
DA:492,0
DA:493,0
DA:496,0
DA:499,0
DA:502,0
DA:504,0
DA:505,0
DA:506,0
DA:509,0
DA:510,0
DA:511,0
DA:516,0
DA:518,0
DA:519,0
DA:523,0
DA:525,0
DA:537,0
DA:538,0
DA:544,0
DA:545,0
DA:548,0
DA:563,0
DA:589,0
DA:590,0
DA:591,0
DA:592,0
DA:593,0
DA:596,0
DA:597,0
DA:598,0
DA:599,0
DA:600,0
DA:601,0
DA:607,0
DA:608,0
DA:620,0
DA:621,0
DA:623,0
DA:624,0
DA:627,0
DA:628,0
DA:639,0
DA:652,0
DA:660,0
DA:661,0
DA:670,0
DA:677,0
DA:701,0
DA:703,0
DA:724,0
DA:725,0
DA:727,0
DA:728,0
DA:729,0
DA:730,0
DA:734,0
DA:747,0
DA:752,0
DA:753,0
DA:760,0
DA:761,0
DA:765,0
DA:768,0
DA:769,0
DA:770,0
DA:772,0
DA:775,0
DA:776,0
DA:783,0
DA:784,0
DA:789,0
DA:790,0
DA:797,0
DA:799,0
DA:810,0
DA:814,0
DA:815,0
DA:821,0
DA:828,0
DA:829,0
DA:830,0
DA:832,0
DA:835,0
DA:843,0
DA:845,0
DA:857,0
DA:861,0
DA:862,0
DA:868,0
DA:875,0
DA:876,0
DA:877,0
DA:879,0
DA:882,0
DA:894,0
DA:896,0
DA:907,0
DA:911,0
DA:912,0
DA:918,0
DA:928,0
DA:942,0
DA:947,0
DA:948,0
DA:954,0
DA:961,0
DA:962,0
DA:963,0
DA:965,0
DA:968,0
DA:978,0
DA:980,0
DA:992,0
DA:993,0
DA:1008,0
DA:1009,0
DA:1012,0
DA:1013,0
DA:1014,0
DA:1021,0
DA:1031,0
DA:1034,0
DA:1035,0
DA:1043,0
DA:1058,0
DA:1060,0
DA:1062,0
DA:1065,0
DA:1069,0
DA:1077,0
DA:1090,0
DA:1099,0
DA:1102,0
DA:1103,0
DA:1105,0
DA:1130,0
DA:1132,0
DA:1133,0
DA:1135,0
DA:1145,0
DA:1146,0
DA:1162,0
DA:1164,0
DA:1165,0
DA:1168,0
DA:1173,0
DA:1180,0
DA:1183,0
DA:1186,0
DA:1188,0
DA:1204,0
DA:1206,0
DA:1207,0
DA:1210,0
DA:1215,0
DA:1216,0
DA:1218,0
DA:1221,0
DA:1224,0
DA:1227,0
DA:1228,0
DA:1231,0
DA:1243,0
DA:1244,0
DA:1245,0
DA:1249,0
DA:1250,0
DA:1251,0
DA:1254,0
DA:1264,0
DA:1275,0
DA:1277,0
DA:1278,0
DA:1281,0
DA:1294,0
DA:1295,0
DA:1299,0
DA:1302,0
DA:1303,0
DA:1306,0
DA:1309,0
DA:1323,0
DA:1324,0
DA:1328,0
DA:1331,0
DA:1332,0
DA:1333,0
DA:1337,0
DA:1338,0
DA:1339,0
DA:1342,0
DA:1343,0
DA:1344,0
DA:1347,0
DA:1360,0
DA:1361,0
DA:1365,0
DA:1366,0
DA:1367,0
DA:1371,0
DA:1372,0
DA:1375,0
DA:1378,0
DA:1388,0
DA:1391,0
DA:1392,0
DA:1403,0
DA:1406,0
DA:1407,0
DA:1415,0
DA:1421,0
DA:1424,0
DA:1425,0
DA:1432,0
DA:1449,0
DA:1450,0
DA:1451,0
DA:1452,0
DA:1453,0
DA:1456,0
DA:1458,0
DA:1459,0
DA:1461,0
DA:1462,0
DA:1464,0
DA:1467,0
DA:1471,0
DA:1472,0
DA:1474,0
DA:1475,0
DA:1477,0
DA:1483,0
DA:1491,0
DA:1492,0
DA:1500,0
DA:1509,0
DA:1510,0
DA:1512,0
DA:1519,0
DA:1520,0
DA:1532,0
LF:355
LH:0
BRDA:76,0,0,0
BRDA:82,1,0,0
BRDA:82,1,1,0
BRDA:96,2,0,0
BRDA:96,2,1,0
BRDA:103,3,0,0
BRDA:103,3,1,0
BRDA:149,4,0,0
BRDA:149,4,1,0
BRDA:164,5,0,0
BRDA:164,5,1,0
BRDA:172,6,0,0
BRDA:172,6,1,0
BRDA:180,7,0,0
BRDA:180,7,1,0
BRDA:196,8,0,0
BRDA:196,8,1,0
BRDA:214,9,0,0
BRDA:214,9,1,0
BRDA:230,10,0,0
BRDA:230,10,1,0
BRDA:266,11,0,0
BRDA:267,12,0,0
BRDA:267,12,1,0
BRDA:271,13,0,0
BRDA:271,13,1,0
BRDA:271,14,0,0
BRDA:271,14,1,0
BRDA:286,15,0,0
BRDA:286,15,1,0
BRDA:288,16,0,0
BRDA:288,16,1,0
BRDA:307,17,0,0
BRDA:307,17,1,0
BRDA:327,18,0,0
BRDA:327,18,1,0
BRDA:340,19,0,0
BRDA:340,19,1,0
BRDA:344,20,0,0
BRDA:344,20,1,0
BRDA:368,21,0,0
BRDA:368,21,1,0
BRDA:383,22,0,0
BRDA:384,23,0,0
BRDA:384,23,1,0
BRDA:388,24,0,0
BRDA:388,24,1,0
BRDA:403,25,0,0
BRDA:403,25,1,0
BRDA:417,26,0,0
BRDA:417,26,1,0
BRDA:428,27,0,0
BRDA:428,27,1,0
BRDA:432,28,0,0
BRDA:432,28,1,0
BRDA:448,29,0,0
BRDA:449,30,0,0
BRDA:449,30,1,0
BRDA:453,31,0,0
BRDA:453,31,1,0
BRDA:453,32,0,0
BRDA:453,32,1,0
BRDA:457,33,0,0
BRDA:457,33,1,0
BRDA:472,34,0,0
BRDA:472,34,1,0
BRDA:486,35,0,0
BRDA:486,35,1,0
BRDA:486,36,0,0
BRDA:486,36,1,0
BRDA:491,37,0,0
BRDA:491,37,1,0
BRDA:491,38,0,0
BRDA:491,38,1,0
BRDA:505,39,0,0
BRDA:505,39,1,0
BRDA:505,40,0,0
BRDA:505,40,1,0
BRDA:510,41,0,0
BRDA:510,41,1,0
BRDA:518,42,0,0
BRDA:518,42,1,0
BRDA:537,43,0,0
BRDA:537,43,1,0
BRDA:537,44,0,0
BRDA:537,44,1,0
BRDA:592,45,0,0
BRDA:592,45,1,0
BRDA:597,46,0,0
BRDA:597,46,1,0
BRDA:599,47,0,0
BRDA:599,47,1,0
BRDA:599,48,0,0
BRDA:599,48,1,0
BRDA:607,49,0,0
BRDA:607,49,1,0
BRDA:607,50,0,0
BRDA:607,50,1,0
BRDA:621,51,0,0
BRDA:621,51,1,0
BRDA:621,52,0,0
BRDA:621,52,1,0
BRDA:624,53,0,0
BRDA:624,53,1,0
BRDA:627,54,0,0
BRDA:627,54,1,0
BRDA:701,55,0,0
BRDA:701,55,1,0
BRDA:729,56,0,0
BRDA:729,56,1,0
BRDA:746,57,0,0
BRDA:752,58,0,0
BRDA:752,58,1,0
BRDA:768,59,0,0
BRDA:768,59,1,0
BRDA:770,60,0,0
BRDA:770,60,1,0
BRDA:775,61,0,0
BRDA:775,61,1,0
BRDA:775,62,0,0
BRDA:775,62,1,0
BRDA:783,63,0,0
BRDA:783,63,1,0
BRDA:789,64,0,0
BRDA:789,64,1,0
BRDA:809,65,0,0
BRDA:814,66,0,0
BRDA:814,66,1,0
BRDA:828,67,0,0
BRDA:828,67,1,0
BRDA:830,68,0,0
BRDA:830,68,1,0
BRDA:856,69,0,0
BRDA:861,70,0,0
BRDA:861,70,1,0
BRDA:875,71,0,0
BRDA:875,71,1,0
BRDA:877,72,0,0
BRDA:877,72,1,0
BRDA:911,73,0,0
BRDA:911,73,1,0
BRDA:941,74,0,0
BRDA:947,75,0,0
BRDA:947,75,1,0
BRDA:961,76,0,0
BRDA:961,76,1,0
BRDA:963,77,0,0
BRDA:963,77,1,0
BRDA:1012,78,0,0
BRDA:1012,78,1,0
BRDA:1015,79,0,0
BRDA:1015,79,1,0
BRDA:1016,80,0,0
BRDA:1016,80,1,0
BRDA:1031,81,0,0
BRDA:1031,81,1,0
BRDA:1034,82,0,0
BRDA:1034,82,1,0
BRDA:1058,83,0,0
BRDA:1058,83,1,0
BRDA:1070,84,0,0
BRDA:1070,84,1,0
BRDA:1071,85,0,0
BRDA:1071,85,1,0
BRDA:1072,86,0,0
BRDA:1072,86,1,0
BRDA:1077,87,0,0
BRDA:1077,87,1,0
BRDA:1080,88,0,0
BRDA:1080,88,1,0
BRDA:1081,89,0,0
BRDA:1081,89,1,0
BRDA:1094,90,0,0
BRDA:1094,90,1,0
BRDA:1130,91,0,0
BRDA:1130,91,1,0
BRDA:1138,92,0,0
BRDA:1138,92,1,0
BRDA:1139,93,0,0
BRDA:1139,93,1,0
BRDA:1162,94,0,0
BRDA:1162,94,1,0
BRDA:1174,95,0,0
BRDA:1174,95,1,0
BRDA:1175,96,0,0
BRDA:1175,96,1,0
BRDA:1176,97,0,0
BRDA:1176,97,1,0
BRDA:1204,98,0,0
BRDA:1204,98,1,0
BRDA:1215,99,0,0
BRDA:1215,99,1,0
BRDA:1227,100,0,0
BRDA:1227,100,1,0
BRDA:1244,101,0,0
BRDA:1244,101,1,0
BRDA:1250,102,0,0
BRDA:1250,102,1,0
BRDA:1277,103,0,0
BRDA:1277,103,1,0
BRDA:1294,104,0,0
BRDA:1294,104,1,0
BRDA:1302,105,0,0
BRDA:1302,105,1,0
BRDA:1323,106,0,0
BRDA:1323,106,1,0
BRDA:1331,107,0,0
BRDA:1331,107,1,0
BRDA:1337,108,0,0
BRDA:1337,108,1,0
BRDA:1342,109,0,0
BRDA:1342,109,1,0
BRDA:1360,110,0,0
BRDA:1360,110,1,0
BRDA:1365,111,0,0
BRDA:1365,111,1,0
BRDA:1371,112,0,0
BRDA:1371,112,1,0
BRDA:1391,113,0,0
BRDA:1391,113,1,0
BRDA:1406,114,0,0
BRDA:1406,114,1,0
BRDA:1421,115,0,0
BRDA:1421,115,1,0
BRDA:1424,116,0,0
BRDA:1424,116,1,0
BRDA:1449,117,0,0
BRDA:1449,117,1,0
BRDA:1449,118,0,0
BRDA:1449,118,1,0
BRDA:1450,119,0,0
BRDA:1450,119,1,0
BRDA:1456,120,0,0
BRDA:1456,120,1,0
BRDA:1456,120,2,0
BRDA:1456,120,3,0
BRDA:1456,120,4,0
BRDA:1456,120,5,0
BRDA:1456,120,6,0
BRDA:1456,120,7,0
BRDA:1491,121,0,0
BRDA:1491,121,1,0
BRDA:1491,122,0,0
BRDA:1491,122,1,0
BRDA:1509,123,0,0
BRDA:1509,123,1,0
BRDA:1509,124,0,0
BRDA:1509,124,1,0
BRF:248
BRH:0
end_of_record
TN:
SF:scripts/audio-capture.js
FN:98,(anonymous_0)
FN:202,(anonymous_1)
FN:210,(anonymous_2)
FN:218,(anonymous_3)
FN:226,(anonymous_4)
FN:235,(anonymous_5)
FN:243,(anonymous_6)
FN:252,(anonymous_7)
FN:271,(anonymous_8)
FN:303,(anonymous_9)
FN:352,(anonymous_10)
FN:377,(anonymous_11)
FN:393,(anonymous_12)
FN:400,(anonymous_13)
FN:406,(anonymous_14)
FN:416,(anonymous_15)
FN:421,(anonymous_16)
FN:431,(anonymous_17)
FN:454,(anonymous_18)
FN:469,(anonymous_19)
FN:471,(anonymous_20)
FN:485,(anonymous_21)
FN:494,(anonymous_22)
FN:504,(anonymous_23)
FN:522,(anonymous_24)
FN:532,(anonymous_25)
FN:553,(anonymous_26)
FN:555,(anonymous_27)
FN:573,(anonymous_28)
FN:596,(anonymous_29)
FN:621,(anonymous_30)
FN:645,(anonymous_31)
FN:657,(anonymous_32)
FN:669,(anonymous_33)
FN:685,(anonymous_34)
FN:692,(anonymous_35)
FN:703,(anonymous_36)
FN:716,(anonymous_37)
FN:727,(anonymous_38)
FN:733,(anonymous_39)
FNF:40
FNH:0
FNDA:0,(anonymous_0)
FNDA:0,(anonymous_1)
FNDA:0,(anonymous_2)
FNDA:0,(anonymous_3)
FNDA:0,(anonymous_4)
FNDA:0,(anonymous_5)
FNDA:0,(anonymous_6)
FNDA:0,(anonymous_7)
FNDA:0,(anonymous_8)
FNDA:0,(anonymous_9)
FNDA:0,(anonymous_10)
FNDA:0,(anonymous_11)
FNDA:0,(anonymous_12)
FNDA:0,(anonymous_13)
FNDA:0,(anonymous_14)
FNDA:0,(anonymous_15)
FNDA:0,(anonymous_16)
FNDA:0,(anonymous_17)
FNDA:0,(anonymous_18)
FNDA:0,(anonymous_19)
FNDA:0,(anonymous_20)
FNDA:0,(anonymous_21)
FNDA:0,(anonymous_22)
FNDA:0,(anonymous_23)
FNDA:0,(anonymous_24)
FNDA:0,(anonymous_25)
FNDA:0,(anonymous_26)
FNDA:0,(anonymous_27)
FNDA:0,(anonymous_28)
FNDA:0,(anonymous_29)
FNDA:0,(anonymous_30)
FNDA:0,(anonymous_31)
FNDA:0,(anonymous_32)
FNDA:0,(anonymous_33)
FNDA:0,(anonymous_34)
FNDA:0,(anonymous_35)
FNDA:0,(anonymous_36)
FNDA:0,(anonymous_37)
FNDA:0,(anonymous_38)
FNDA:0,(anonymous_39)
DA:13,0
DA:19,0
DA:25,0
DA:41,0
DA:55,0
DA:67,0
DA:104,0
DA:111,0
DA:118,0
DA:125,0
DA:132,0
DA:139,0
DA:146,0
DA:153,0
DA:160,0
DA:167,0
DA:174,0
DA:181,0
DA:188,0
DA:195,0
DA:203,0
DA:211,0
DA:219,0
DA:227,0
DA:228,0
DA:236,0
DA:244,0
DA:253,0
DA:254,0
DA:257,0
DA:258,0
DA:259,0
DA:263,0
DA:272,0
DA:274,0
DA:275,0
DA:279,0
DA:280,0
DA:283,0
DA:284,0
DA:285,0
DA:286,0
DA:287,0
DA:288,0
DA:291,0
DA:292,0
DA:293,0
DA:307,0
DA:310,0
DA:311,0
DA:312,0
DA:315,0
DA:316,0
DA:317,0
DA:320,0
DA:321,0
DA:322,0
DA:324,0
DA:325,0
DA:326,0
DA:328,0
DA:329,0
DA:330,0
DA:332,0
DA:335,0
DA:338,0
DA:340,0
DA:353,0
DA:354,0
DA:355,0
DA:359,0
DA:360,0
DA:364,0
DA:365,0
DA:368,0
DA:369,0
DA:374,0
DA:377,0
DA:378,0
DA:379,0
DA:380,0
DA:381,0
DA:384,0
DA:385,0
DA:393,0
DA:394,0
DA:395,0
DA:396,0
DA:397,0
DA:400,0
DA:401,0
DA:402,0
DA:403,0
DA:406,0
DA:407,0
DA:412,0
DA:413,0
DA:416,0
DA:417,0
DA:418,0
DA:421,0
DA:422,0
DA:423,0
DA:427,0
DA:430,0
DA:431,0
DA:432,0
DA:433,0
DA:438,0
DA:445,0
DA:446,0
DA:455,0
DA:456,0
DA:457,0
DA:461,0
DA:462,0
DA:463,0
DA:466,0
DA:467,0
DA:469,0
DA:471,0
DA:472,0
DA:473,0
DA:474,0
DA:475,0
DA:478,0
DA:486,0
DA:487,0
DA:495,0
DA:496,0
DA:505,0
DA:506,0
DA:509,0
DA:512,0
DA:513,0
DA:516,0
DA:523,0
DA:524,0
DA:533,0
DA:534,0
DA:538,0
DA:541,0
DA:544,0
DA:545,0
DA:547,0
DA:554,0
DA:555,0
DA:556,0
DA:558,0
DA:559,0
DA:560,0
DA:563,0
DA:564,0
DA:565,0
DA:566,0
DA:574,0
DA:575,0
DA:578,0
DA:579,0
DA:580,0
DA:583,0
DA:584,0
DA:585,0
DA:586,0
DA:587,0
DA:589,0
DA:597,0
DA:598,0
DA:599,0
DA:602,0
DA:603,0
DA:604,0
DA:605,0
DA:606,0
DA:607,0
DA:609,0
DA:612,0
DA:613,0
DA:622,0
DA:623,0
DA:626,0
DA:627,0
DA:630,0
DA:631,0
DA:632,0
DA:634,0
DA:637,0
DA:646,0
DA:647,0
DA:649,0
DA:658,0
DA:659,0
DA:670,0
DA:671,0
DA:672,0
DA:673,0
DA:675,0
DA:686,0
DA:687,0
DA:690,0
DA:691,0
DA:692,0
DA:694,0
DA:695,0
DA:704,0
DA:717,0
DA:718,0
DA:720,0
DA:728,0
DA:733,0
LF:210
LH:0
BRDA:98,0,0,0
BRDA:104,1,0,0
BRDA:104,1,1,0
BRDA:111,2,0,0
BRDA:111,2,1,0
BRDA:118,3,0,0
BRDA:118,3,1,0
BRDA:219,4,0,0
BRDA:219,4,1,0
BRDA:227,5,0,0
BRDA:227,5,1,0
BRDA:253,6,0,0
BRDA:253,6,1,0
BRDA:258,7,0,0
BRDA:258,7,1,0
BRDA:274,8,0,0
BRDA:274,8,1,0
BRDA:307,9,0,0
BRDA:307,9,1,0
BRDA:307,9,2,0
BRDA:307,9,3,0
BRDA:307,9,4,0
BRDA:307,9,5,0
BRDA:307,9,6,0
BRDA:307,9,7,0
BRDA:307,9,8,0
BRDA:333,10,0,0
BRDA:333,10,1,0
BRDA:353,11,0,0
BRDA:353,11,1,0
BRDA:359,12,0,0
BRDA:359,12,1,0
BRDA:378,13,0,0
BRDA:378,13,1,0
BRDA:378,14,0,0
BRDA:378,14,1,0
BRDA:384,15,0,0
BRDA:384,15,1,0
BRDA:430,16,0,0
BRDA:430,16,1,0
BRDA:455,17,0,0
BRDA:455,17,1,0
BRDA:455,18,0,0
BRDA:455,18,1,0
BRDA:461,19,0,0
BRDA:461,19,1,0
BRDA:486,20,0,0
BRDA:486,20,1,0
BRDA:486,21,0,0
BRDA:486,21,1,0
BRDA:495,22,0,0
BRDA:495,22,1,0
BRDA:495,23,0,0
BRDA:495,23,1,0
BRDA:505,24,0,0
BRDA:505,24,1,0
BRDA:512,25,0,0
BRDA:512,25,1,0
BRDA:533,26,0,0
BRDA:533,26,1,0
BRDA:554,27,0,0
BRDA:554,27,1,0
BRDA:563,28,0,0
BRDA:563,28,1,0
BRDA:574,29,0,0
BRDA:574,29,1,0
BRDA:578,30,0,0
BRDA:578,30,1,0
BRDA:597,31,0,0
BRDA:597,31,1,0
BRDA:603,32,0,0
BRDA:603,32,1,0
BRDA:622,33,0,0
BRDA:622,33,1,0
BRDA:646,34,0,0
BRDA:646,34,1,0
BRDA:658,35,0,0
BRDA:658,35,1,0
BRDA:670,36,0,0
BRDA:670,36,1,0
BRDA:686,37,0,0
BRDA:686,37,1,0
BRDA:686,38,0,0
BRDA:686,38,1,0
BRDA:705,39,0,0
BRDA:705,39,1,0
BRDA:705,39,2,0
BRDA:717,40,0,0
BRDA:717,40,1,0
BRF:89
BRH:0
end_of_record
TN:
SF:scripts/dnd-terms.js
FNF:0
FNH:0
DA:12,0
LF:1
LH:0
BRF:0
BRH:0
end_of_record
TN:
SF:scripts/image-generator.js
FN:128,(anonymous_0)
FN:204,(anonymous_1)
FN:212,(anonymous_2)
FN:220,(anonymous_3)
FN:231,(anonymous_4)
FN:239,(anonymous_5)
FN:247,(anonymous_6)
FN:255,(anonymous_7)
FN:263,(anonymous_8)
FN:279,(anonymous_9)
FN:339,(anonymous_10)
FN:372,(anonymous_11)
FN:405,(anonymous_12)
FN:433,(anonymous_13)
FN:452,(anonymous_14)
FN:469,(anonymous_15)
FN:498,(anonymous_16)
FN:530,(anonymous_17)
FN:577,(anonymous_18)
FN:622,(anonymous_19)
FN:674,(anonymous_20)
FN:675,(anonymous_21)
FN:677,(anonymous_22)
FN:694,(anonymous_23)
FN:709,(anonymous_24)
FN:714,(anonymous_25)
FN:727,(anonymous_26)
FN:746,(anonymous_27)
FN:754,(anonymous_28)
FN:756,(anonymous_29)
FN:764,(anonymous_30)
FN:785,(anonymous_31)
FN:794,(anonymous_32)
FN:808,(anonymous_33)
FN:819,(anonymous_34)
FN:828,(anonymous_35)
FN:856,(anonymous_36)
FN:876,(anonymous_37)
FN:892,(anonymous_38)
FN:907,(anonymous_39)
FN:915,(anonymous_40)
FN:949,(anonymous_41)
FN:957,(anonymous_42)
FN:990,(anonymous_43)
FN:998,(anonymous_44)
FN:1021,(anonymous_45)
FN:1029,(anonymous_46)
FN:1051,(anonymous_47)
FN:1059,(anonymous_48)
FN:1085,(anonymous_49)
FN:1090,(anonymous_50)
FN:1094,(anonymous_51)
FN:1100,(anonymous_52)
FN:1104,(anonymous_53)
FN:1119,(anonymous_54)
FN:1126,(anonymous_55)
FN:1137,(anonymous_56)
FN:1153,(anonymous_57)
FN:1203,(anonymous_58)
FN:1213,(anonymous_59)
FN:1221,(anonymous_60)
FN:1229,(anonymous_61)
FN:1237,(anonymous_62)
FNF:63
FNH:0
FNDA:0,(anonymous_0)
FNDA:0,(anonymous_1)
FNDA:0,(anonymous_2)
FNDA:0,(anonymous_3)
FNDA:0,(anonymous_4)
FNDA:0,(anonymous_5)
FNDA:0,(anonymous_6)
FNDA:0,(anonymous_7)
FNDA:0,(anonymous_8)
FNDA:0,(anonymous_9)
FNDA:0,(anonymous_10)
FNDA:0,(anonymous_11)
FNDA:0,(anonymous_12)
FNDA:0,(anonymous_13)
FNDA:0,(anonymous_14)
FNDA:0,(anonymous_15)
FNDA:0,(anonymous_16)
FNDA:0,(anonymous_17)
FNDA:0,(anonymous_18)
FNDA:0,(anonymous_19)
FNDA:0,(anonymous_20)
FNDA:0,(anonymous_21)
FNDA:0,(anonymous_22)
FNDA:0,(anonymous_23)
FNDA:0,(anonymous_24)
FNDA:0,(anonymous_25)
FNDA:0,(anonymous_26)
FNDA:0,(anonymous_27)
FNDA:0,(anonymous_28)
FNDA:0,(anonymous_29)
FNDA:0,(anonymous_30)
FNDA:0,(anonymous_31)
FNDA:0,(anonymous_32)
FNDA:0,(anonymous_33)
FNDA:0,(anonymous_34)
FNDA:0,(anonymous_35)
FNDA:0,(anonymous_36)
FNDA:0,(anonymous_37)
FNDA:0,(anonymous_38)
FNDA:0,(anonymous_39)
FNDA:0,(anonymous_40)
FNDA:0,(anonymous_41)
FNDA:0,(anonymous_42)
FNDA:0,(anonymous_43)
FNDA:0,(anonymous_44)
FNDA:0,(anonymous_45)
FNDA:0,(anonymous_46)
FNDA:0,(anonymous_47)
FNDA:0,(anonymous_48)
FNDA:0,(anonymous_49)
FNDA:0,(anonymous_50)
FNDA:0,(anonymous_51)
FNDA:0,(anonymous_52)
FNDA:0,(anonymous_53)
FNDA:0,(anonymous_54)
FNDA:0,(anonymous_55)
FNDA:0,(anonymous_56)
FNDA:0,(anonymous_57)
FNDA:0,(anonymous_58)
FNDA:0,(anonymous_59)
FNDA:0,(anonymous_60)
FNDA:0,(anonymous_61)
FNDA:0,(anonymous_62)
DA:14,0
DA:21,0
DA:27,0
DA:39,0
DA:51,0
DA:134,0
DA:141,0
DA:148,0
DA:155,0
DA:162,0
DA:169,0
DA:176,0
DA:183,0
DA:190,0
DA:197,0
DA:205,0
DA:213,0
DA:221,0
DA:222,0
DA:224,0
DA:232,0
DA:240,0
DA:248,0
DA:256,0
DA:264,0
DA:281,0
DA:282,0
DA:286,0
DA:287,0
DA:290,0
DA:291,0
DA:292,0
DA:293,0
DA:294,0
DA:296,0
DA:298,0
DA:300,0
DA:303,0
DA:306,0
DA:309,0
DA:310,0
DA:314,0
DA:316,0
DA:318,0
DA:321,0
DA:322,0
DA:324,0
DA:340,0
DA:341,0
DA:344,0
DA:345,0
DA:346,0
DA:347,0
DA:350,0
DA:352,0
DA:354,0
DA:373,0
DA:374,0
DA:377,0
DA:378,0
DA:379,0
DA:380,0
DA:383,0
DA:385,0
DA:387,0
DA:406,0
DA:415,0
DA:416,0
DA:420,0
DA:421,0
DA:424,0
DA:436,0
DA:437,0
DA:447,0
DA:448,0
DA:451,0
DA:452,0
DA:453,0
DA:460,0
DA:470,0
DA:473,0
DA:474,0
DA:482,0
DA:499,0
DA:500,0
DA:502,0
DA:531,0
DA:537,0
DA:544,0
DA:551,0
DA:552,0
DA:554,0
DA:555,0
DA:558,0
DA:559,0
DA:562,0
DA:564,0
DA:578,0
DA:585,0
DA:586,0
DA:588,0
DA:589,0
DA:592,0
DA:593,0
DA:596,0
DA:597,0
DA:604,0
DA:607,0
DA:608,0
DA:611,0
DA:613,0
DA:623,0
DA:625,0
DA:627,0
DA:628,0
DA:629,0
DA:630,0
DA:633,0
DA:634,0
DA:637,0
DA:638,0
DA:656,0
DA:659,0
DA:661,0
DA:664,0
DA:675,0
DA:676,0
DA:677,0
DA:678,0
DA:680,0
DA:681,0
DA:683,0
DA:684,0
DA:696,0
DA:697,0
DA:698,0
DA:699,0
DA:700,0
DA:702,0
DA:710,0
DA:713,0
DA:714,0
DA:716,0
DA:717,0
DA:718,0
DA:728,0
DA:729,0
DA:731,0
DA:734,0
DA:735,0
DA:736,0
DA:739,0
DA:747,0
DA:755,0
DA:756,0
DA:757,0
DA:765,0
DA:766,0
DA:768,0
DA:770,0
DA:771,0
DA:775,0
DA:776,0
DA:779,0
DA:786,0
DA:795,0
DA:798,0
DA:799,0
DA:809,0
DA:810,0
DA:811,0
DA:813,0
DA:820,0
DA:829,0
DA:830,0
DA:831,0
DA:834,0
DA:851,0
DA:854,0
DA:856,0
DA:859,0
DA:860,0
DA:862,0
DA:865,0
DA:867,0
DA:868,0
DA:877,0
DA:878,0
DA:879,0
DA:881,0
DA:882,0
DA:893,0
DA:894,0
DA:896,0
DA:897,0
DA:908,0
DA:909,0
DA:910,0
DA:913,0
DA:914,0
DA:915,0
DA:917,0
DA:918,0
DA:919,0
DA:923,0
DA:924,0
DA:928,0
DA:929,0
DA:930,0
DA:931,0
DA:932,0
DA:933,0
DA:936,0
DA:938,0
DA:939,0
DA:950,0
DA:951,0
DA:952,0
DA:955,0
DA:956,0
DA:957,0
DA:959,0
DA:960,0
DA:961,0
DA:964,0
DA:965,0
DA:968,0
DA:969,0
DA:971,0
DA:972,0
DA:973,0
DA:974,0
DA:975,0
DA:978,0
DA:980,0
DA:981,0
DA:991,0
DA:992,0
DA:993,0
DA:996,0
DA:997,0
DA:998,0
DA:1000,0
DA:1001,0
DA:1002,0
DA:1005,0
DA:1006,0
DA:1007,0
DA:1008,0
DA:1010,0
DA:1011,0
DA:1022,0
DA:1023,0
DA:1024,0
DA:1027,0
DA:1028,0
DA:1029,0
DA:1031,0
DA:1032,0
DA:1033,0
DA:1036,0
DA:1037,0
DA:1038,0
DA:1039,0
DA:1041,0
DA:1042,0
DA:1052,0
DA:1053,0
DA:1054,0
DA:1057,0
DA:1058,0
DA:1059,0
DA:1061,0
DA:1062,0
DA:1063,0
DA:1066,0
DA:1067,0
DA:1068,0
DA:1069,0
DA:1071,0
DA:1072,0
DA:1086,0
DA:1087,0
DA:1089,0
DA:1090,0
DA:1093,0
DA:1094,0
DA:1095,0
DA:1099,0
DA:1100,0
DA:1103,0
DA:1104,0
DA:1107,0
DA:1109,0
DA:1110,0
DA:1120,0
DA:1121,0
DA:1124,0
DA:1125,0
DA:1126,0
DA:1128,0
DA:1129,0
DA:1138,0
DA:1139,0
DA:1140,0
DA:1142,0
DA:1143,0
DA:1157,0
DA:1158,0
DA:1159,0
DA:1160,0
DA:1161,0
DA:1164,0
DA:1166,0
DA:1167,0
DA:1169,0
DA:1170,0
DA:1173,0
DA:1174,0
DA:1176,0
DA:1180,0
DA:1184,0
DA:1185,0
DA:1187,0
DA:1188,0
DA:1190,0
DA:1196,0
DA:1204,0
DA:1205,0
DA:1214,0
DA:1222,0
DA:1230,0
DA:1238,0
LF:333
LH:0
BRDA:128,0,0,0
BRDA:134,1,0,0
BRDA:134,1,1,0
BRDA:148,2,0,0
BRDA:148,2,1,0
BRDA:155,3,0,0
BRDA:155,3,1,0
BRDA:162,4,0,0
BRDA:162,4,1,0
BRDA:205,5,0,0
BRDA:205,5,1,0
BRDA:213,6,0,0
BRDA:213,6,1,0
BRDA:221,7,0,0
BRDA:221,7,1,0
BRDA:224,8,0,0
BRDA:224,8,1,0
BRDA:240,9,0,0
BRDA:240,9,1,0
BRDA:256,10,0,0
BRDA:256,10,1,0
BRDA:279,11,0,0
BRDA:281,12,0,0
BRDA:281,12,1,0
BRDA:286,13,0,0
BRDA:286,13,1,0
BRDA:286,14,0,0
BRDA:286,14,1,0
BRDA:286,14,2,0
BRDA:290,15,0,0
BRDA:290,15,1,0
BRDA:291,16,0,0
BRDA:291,16,1,0
BRDA:292,17,0,0
BRDA:292,17,1,0
BRDA:294,18,0,0
BRDA:294,18,1,0
BRDA:309,19,0,0
BRDA:309,19,1,0
BRDA:309,20,0,0
BRDA:309,20,1,0
BRDA:321,21,0,0
BRDA:321,21,1,0
BRDA:339,22,0,0
BRDA:340,23,0,0
BRDA:340,23,1,0
BRDA:340,24,0,0
BRDA:340,24,1,0
BRDA:344,25,0,0
BRDA:344,25,1,0
BRDA:345,26,0,0
BRDA:345,26,1,0
BRDA:346,27,0,0
BRDA:346,27,1,0
BRDA:347,28,0,0
BRDA:347,28,1,0
BRDA:355,29,0,0
BRDA:355,29,1,0
BRDA:356,30,0,0
BRDA:356,30,1,0
BRDA:372,31,0,0
BRDA:373,32,0,0
BRDA:373,32,1,0
BRDA:373,33,0,0
BRDA:373,33,1,0
BRDA:377,34,0,0
BRDA:377,34,1,0
BRDA:378,35,0,0
BRDA:378,35,1,0
BRDA:379,36,0,0
BRDA:379,36,1,0
BRDA:380,37,0,0
BRDA:380,37,1,0
BRDA:388,38,0,0
BRDA:388,38,1,0
BRDA:389,39,0,0
BRDA:389,39,1,0
BRDA:411,40,0,0
BRDA:411,40,1,0
BRDA:415,41,0,0
BRDA:415,41,1,0
BRDA:420,42,0,0
BRDA:420,42,1,0
BRDA:420,43,0,0
BRDA:420,43,1,0
BRDA:451,44,0,0
BRDA:451,44,1,0
BRDA:454,45,0,0
BRDA:454,45,1,0
BRDA:455,46,0,0
BRDA:455,46,1,0
BRDA:470,47,0,0
BRDA:470,47,1,0
BRDA:473,48,0,0
BRDA:473,48,1,0
BRDA:499,49,0,0
BRDA:499,49,1,0
BRDA:504,50,0,0
BRDA:504,50,1,0
BRDA:505,51,0,0
BRDA:505,51,1,0
BRDA:551,52,0,0
BRDA:551,52,1,0
BRDA:551,53,0,0
BRDA:551,53,1,0
BRDA:554,54,0,0
BRDA:554,54,1,0
BRDA:554,55,0,0
BRDA:554,55,1,0
BRDA:558,56,0,0
BRDA:558,56,1,0
BRDA:588,57,0,0
BRDA:588,57,1,0
BRDA:588,58,0,0
BRDA:588,58,1,0
BRDA:592,59,0,0
BRDA:592,59,1,0
BRDA:596,60,0,0
BRDA:596,60,1,0
BRDA:604,61,0,0
BRDA:604,61,1,0
BRDA:607,62,0,0
BRDA:607,62,1,0
BRDA:623,63,0,0
BRDA:623,63,1,0
BRDA:628,64,0,0
BRDA:628,64,1,0
BRDA:639,65,0,0
BRDA:639,65,1,0
BRDA:648,66,0,0
BRDA:648,66,1,0
BRDA:649,67,0,0
BRDA:649,67,1,0
BRDA:650,68,0,0
BRDA:650,68,1,0
BRDA:651,69,0,0
BRDA:651,69,1,0
BRDA:652,70,0,0
BRDA:652,70,1,0
BRDA:653,71,0,0
BRDA:653,71,1,0
BRDA:710,72,0,0
BRDA:710,72,1,0
BRDA:731,73,0,0
BRDA:731,73,1,0
BRDA:734,74,0,0
BRDA:734,74,1,0
BRDA:734,75,0,0
BRDA:734,75,1,0
BRDA:757,76,0,0
BRDA:757,76,1,0
BRDA:770,77,0,0
BRDA:770,77,1,0
BRDA:770,78,0,0
BRDA:770,78,1,0
BRDA:798,79,0,0
BRDA:798,79,1,0
BRDA:810,80,0,0
BRDA:810,80,1,0
BRDA:810,81,0,0
BRDA:810,81,1,0
BRDA:835,82,0,0
BRDA:835,82,1,0
BRDA:836,83,0,0
BRDA:836,83,1,0
BRDA:837,84,0,0
BRDA:837,84,1,0
BRDA:838,85,0,0
BRDA:838,85,1,0
BRDA:839,86,0,0
BRDA:839,86,1,0
BRDA:840,87,0,0
BRDA:840,87,1,0
BRDA:841,88,0,0
BRDA:841,88,1,0
BRDA:842,89,0,0
BRDA:842,89,1,0
BRDA:843,90,0,0
BRDA:843,90,1,0
BRDA:844,91,0,0
BRDA:844,91,1,0
BRDA:845,92,0,0
BRDA:845,92,1,0
BRDA:846,93,0,0
BRDA:846,93,1,0
BRDA:847,94,0,0
BRDA:847,94,1,0
BRDA:854,95,0,0
BRDA:854,95,1,0
BRDA:879,96,0,0
BRDA:879,96,1,0
BRDA:908,97,0,0
BRDA:908,97,1,0
BRDA:908,98,0,0
BRDA:908,98,1,0
BRDA:917,99,0,0
BRDA:917,99,1,0
BRDA:923,100,0,0
BRDA:923,100,1,0
BRDA:929,101,0,0
BRDA:929,101,1,0
BRDA:950,102,0,0
BRDA:950,102,1,0
BRDA:950,103,0,0
BRDA:950,103,1,0
BRDA:959,104,0,0
BRDA:959,104,1,0
BRDA:964,105,0,0
BRDA:964,105,1,0
BRDA:971,106,0,0
BRDA:971,106,1,0
BRDA:991,107,0,0
BRDA:991,107,1,0
BRDA:1000,108,0,0
BRDA:1000,108,1,0
BRDA:1022,109,0,0
BRDA:1022,109,1,0
BRDA:1031,110,0,0
BRDA:1031,110,1,0
BRDA:1036,111,0,0
BRDA:1036,111,1,0
BRDA:1052,112,0,0
BRDA:1052,112,1,0
BRDA:1061,113,0,0
BRDA:1061,113,1,0
BRDA:1085,114,0,0
BRDA:1089,115,0,0
BRDA:1089,115,1,0
BRDA:1093,116,0,0
BRDA:1093,116,1,0
BRDA:1095,117,0,0
BRDA:1095,117,1,0
BRDA:1099,118,0,0
BRDA:1099,118,1,0
BRDA:1103,119,0,0
BRDA:1103,119,1,0
BRDA:1120,120,0,0
BRDA:1120,120,1,0
BRDA:1126,121,0,0
BRDA:1126,121,1,0
BRDA:1157,122,0,0
BRDA:1157,122,1,0
BRDA:1157,123,0,0
BRDA:1157,123,1,0
BRDA:1158,124,0,0
BRDA:1158,124,1,0
BRDA:1164,125,0,0
BRDA:1164,125,1,0
BRDA:1164,125,2,0
BRDA:1164,125,3,0
BRDA:1164,125,4,0
BRDA:1164,125,5,0
BRDA:1164,125,6,0
BRDA:1164,125,7,0
BRDA:1173,126,0,0
BRDA:1173,126,1,0
BRDA:1173,127,0,0
BRDA:1173,127,1,0
BRDA:1204,128,0,0
BRDA:1204,128,1,0
BRDA:1204,129,0,0
BRDA:1204,129,1,0
BRF:262
BRH:0
end_of_record
TN:
SF:scripts/journal-parser.js
FN:37,(anonymous_0)
FN:59,(anonymous_1)
FN:92,(anonymous_2)
FN:120,(anonymous_3)
FN:149,(anonymous_4)
FN:173,(anonymous_5)
FN:179,(anonymous_6)
FN:197,(anonymous_7)
FN:219,(anonymous_8)
FN:228,(anonymous_9)
FN:236,(anonymous_10)
FN:246,(anonymous_11)
FN:252,(anonymous_12)
FN:260,(anonymous_13)
FN:272,(anonymous_14)
FN:280,(anonymous_15)
FN:286,(anonymous_16)
FN:296,(anonymous_17)
FN:312,(anonymous_18)
FN:323,(anonymous_19)
FN:332,(anonymous_20)
FN:344,(anonymous_21)
FN:370,(anonymous_22)
FN:395,(anonymous_23)
FN:427,(anonymous_24)
FN:450,(anonymous_25)
FN:510,(anonymous_26)
FN:511,(anonymous_27)
FN:524,(anonymous_28)
FN:580,(anonymous_29)
FN:603,(anonymous_30)
FN:644,(anonymous_31)
FNF:32
FNH:0
FNDA:0,(anonymous_0)
FNDA:0,(anonymous_1)
FNDA:0,(anonymous_2)
FNDA:0,(anonymous_3)
FNDA:0,(anonymous_4)
FNDA:0,(anonymous_5)
FNDA:0,(anonymous_6)
FNDA:0,(anonymous_7)
FNDA:0,(anonymous_8)
FNDA:0,(anonymous_9)
FNDA:0,(anonymous_10)
FNDA:0,(anonymous_11)
FNDA:0,(anonymous_12)
FNDA:0,(anonymous_13)
FNDA:0,(anonymous_14)
FNDA:0,(anonymous_15)
FNDA:0,(anonymous_16)
FNDA:0,(anonymous_17)
FNDA:0,(anonymous_18)
FNDA:0,(anonymous_19)
FNDA:0,(anonymous_20)
FNDA:0,(anonymous_21)
FNDA:0,(anonymous_22)
FNDA:0,(anonymous_23)
FNDA:0,(anonymous_24)
FNDA:0,(anonymous_25)
FNDA:0,(anonymous_26)
FNDA:0,(anonymous_27)
FNDA:0,(anonymous_28)
FNDA:0,(anonymous_29)
FNDA:0,(anonymous_30)
FNDA:0,(anonymous_31)
DA:43,0
DA:50,0
DA:60,0
DA:61,0
DA:65,0
DA:66,0
DA:67,0
DA:68,0
DA:72,0
DA:73,0
DA:74,0
DA:77,0
DA:79,0
DA:80,0
DA:83,0
DA:84,0
DA:85,0
DA:86,0
DA:87,0
DA:92,0
DA:95,0
DA:104,0
DA:107,0
DA:109,0
DA:111,0
DA:122,0
DA:123,0
DA:127,0
DA:128,0
DA:131,0
DA:132,0
DA:135,0
DA:150,0
DA:151,0
DA:155,0
DA:156,0
DA:159,0
DA:162,0
DA:164,0
DA:174,0
DA:176,0
DA:179,0
DA:181,0
DA:182,0
DA:183,0
DA:184,0
DA:186,0
DA:198,0
DA:199,0
DA:200,0
DA:201,0
DA:204,0
DA:206,0
DA:207,0
DA:208,0
DA:210,0
DA:211,0
DA:212,0
DA:213,0
DA:214,0
DA:219,0
DA:229,0
DA:230,0
DA:231,0
DA:232,0
DA:235,0
DA:236,0
DA:247,0
DA:248,0
DA:249,0
DA:252,0
DA:261,0
DA:262,0
DA:263,0
DA:266,0
DA:272,0
DA:281,0
DA:282,0
DA:283,0
DA:286,0
DA:297,0
DA:300,0
DA:301,0
DA:302,0
DA:306,0
DA:313,0
DA:314,0
DA:315,0
DA:324,0
DA:333,0
DA:334,0
DA:345,0
DA:346,0
DA:347,0
DA:350,0
DA:352,0
DA:353,0
DA:355,0
DA:356,0
DA:357,0
DA:360,0
DA:363,0
DA:371,0
DA:372,0
DA:373,0
DA:376,0
DA:377,0
DA:378,0
DA:379,0
DA:380,0
DA:382,0
DA:386,0
DA:387,0
DA:396,0
DA:398,0
DA:399,0
DA:401,0
DA:402,0
DA:403,0
DA:406,0
DA:408,0
DA:409,0
DA:411,0
DA:412,0
DA:413,0
DA:416,0
DA:420,0
DA:428,0
DA:429,0
DA:431,0
DA:432,0
DA:433,0
DA:436,0
DA:451,0
DA:452,0
DA:453,0
DA:454,0
DA:458,0
DA:477,0
DA:480,0
DA:481,0
DA:484,0
DA:486,0
DA:487,0
DA:490,0
DA:491,0
DA:494,0
DA:496,0
DA:499,0
DA:500,0
DA:501,0
DA:509,0
DA:510,0
DA:511,0
DA:513,0
DA:515,0
DA:525,0
DA:526,0
DA:527,0
DA:528,0
DA:532,0
DA:535,0
DA:546,0
DA:549,0
DA:550,0
DA:557,0
DA:560,0
DA:561,0
DA:562,0
DA:563,0
DA:566,0
DA:567,0
DA:571,0
DA:574,0
DA:575,0
DA:576,0
DA:577,0
DA:580,0
DA:581,0
DA:584,0
DA:585,0
DA:588,0
DA:589,0
DA:591,0
DA:596,0
DA:603,0
DA:604,0
DA:607,0
DA:608,0
DA:609,0
DA:611,0
DA:619,0
DA:621,0
DA:622,0
DA:624,0
DA:625,0
DA:628,0
DA:632,0
DA:634,0
DA:645,0
DA:646,0
DA:647,0
DA:648,0
DA:651,0
DA:652,0
DA:653,0
DA:656,0
DA:657,0
DA:658,0
DA:661,0
DA:662,0
DA:663,0
DA:666,0
DA:667,0
DA:671,0
DA:672,0
DA:674,0
DA:675,0
DA:676,0
DA:677,0
DA:678,0
DA:683,0
DA:684,0
DA:692,0
DA:693,0
DA:694,0
DA:698,0
DA:699,0
DA:701,0
DA:702,0
DA:703,0
DA:704,0
DA:707,0
DA:709,0
DA:711,0
LF:235
LH:0
BRDA:60,0,0,0
BRDA:60,0,1,0
BRDA:60,1,0,0
BRDA:60,1,1,0
BRDA:65,2,0,0
BRDA:65,2,1,0
BRDA:73,3,0,0
BRDA:73,3,1,0
BRDA:85,4,0,0
BRDA:85,4,1,0
BRDA:122,5,0,0
BRDA:122,5,1,0
BRDA:127,6,0,0
BRDA:127,6,1,0
BRDA:131,7,0,0
BRDA:131,7,1,0
BRDA:137,8,0,0
BRDA:137,8,1,0
BRDA:139,9,0,0
BRDA:139,9,1,0
BRDA:150,10,0,0
BRDA:150,10,1,0
BRDA:150,11,0,0
BRDA:150,11,1,0
BRDA:159,12,0,0
BRDA:159,12,1,0
BRDA:159,12,2,0
BRDA:183,13,0,0
BRDA:183,13,1,0
BRDA:199,14,0,0
BRDA:199,14,1,0
BRDA:208,15,0,0
BRDA:208,15,1,0
BRDA:212,16,0,0
BRDA:212,16,1,0
BRDA:230,17,0,0
BRDA:230,17,1,0
BRDA:248,18,0,0
BRDA:248,18,1,0
BRDA:252,19,0,0
BRDA:252,19,1,0
BRDA:262,20,0,0
BRDA:262,20,1,0
BRDA:281,21,0,0
BRDA:281,21,1,0
BRDA:301,22,0,0
BRDA:301,22,1,0
BRDA:344,23,0,0
BRDA:346,24,0,0
BRDA:346,24,1,0
BRDA:355,25,0,0
BRDA:355,25,1,0
BRDA:371,26,0,0
BRDA:371,26,1,0
BRDA:395,27,0,0
BRDA:401,28,0,0
BRDA:401,28,1,0
BRDA:411,29,0,0
BRDA:411,29,1,0
BRDA:452,30,0,0
BRDA:452,30,1,0
BRDA:494,31,0,0
BRDA:494,31,1,0
BRDA:499,32,0,0
BRDA:499,32,1,0
BRDA:499,33,0,0
BRDA:499,33,1,0
BRDA:500,34,0,0
BRDA:500,34,1,0
BRDA:526,35,0,0
BRDA:526,35,1,0
BRDA:566,36,0,0
BRDA:566,36,1,0
BRDA:576,37,0,0
BRDA:576,37,1,0
BRDA:584,38,0,0
BRDA:584,38,1,0
BRDA:588,39,0,0
BRDA:588,39,1,0
BRDA:607,40,0,0
BRDA:607,40,1,0
BRDA:608,41,0,0
BRDA:608,41,1,0
BRDA:619,42,0,0
BRDA:619,42,1,0
BRDA:619,43,0,0
BRDA:619,43,1,0
BRDA:621,44,0,0
BRDA:621,44,1,0
BRDA:624,45,0,0
BRDA:624,45,1,0
BRDA:646,46,0,0
BRDA:646,46,1,0
BRDA:651,47,0,0
BRDA:651,47,1,0
BRDA:651,48,0,0
BRDA:651,48,1,0
BRDA:666,49,0,0
BRDA:666,49,1,0
BRDA:675,50,0,0
BRDA:675,50,1,0
BRDA:677,51,0,0
BRDA:677,51,1,0
BRDA:683,52,0,0
BRDA:683,52,1,0
BRDA:692,53,0,0
BRDA:692,53,1,0
BRF:107
BRH:0
end_of_record
TN:
SF:scripts/journal-picker.js
FN:19,(anonymous_0)
FN:51,(anonymous_1)
FN:70,(anonymous_2)
FN:78,(anonymous_3)
FN:105,(anonymous_4)
FN:106,(anonymous_5)
FN:109,(anonymous_6)
FN:112,(anonymous_7)
FN:121,(anonymous_8)
FN:123,(anonymous_9)
FN:128,(anonymous_10)
FN:139,(anonymous_11)
FN:140,(anonymous_12)
FN:159,(anonymous_13)
FN:161,(anonymous_14)
FN:162,(anonymous_15)
FN:174,(anonymous_16)
FN:199,(anonymous_17)
FN:230,(anonymous_18)
FN:232,(anonymous_19)
FN:233,(anonymous_20)
FN:236,(anonymous_21)
FN:239,(anonymous_22)
FN:250,(anonymous_23)
FN:252,(anonymous_24)
FN:253,(anonymous_25)
FN:256,(anonymous_26)
FN:259,(anonymous_27)
FN:270,(anonymous_28)
FN:289,(anonymous_29)
FN:294,(anonymous_30)
FN:295,(anonymous_31)
FN:298,(anonymous_32)
FN:309,(anonymous_33)
FN:324,(anonymous_34)
FN:350,(anonymous_35)
FN:366,(anonymous_36)
FNF:37
FNH:0
FNDA:0,(anonymous_0)
FNDA:0,(anonymous_1)
FNDA:0,(anonymous_2)
FNDA:0,(anonymous_3)
FNDA:0,(anonymous_4)
FNDA:0,(anonymous_5)
FNDA:0,(anonymous_6)
FNDA:0,(anonymous_7)
FNDA:0,(anonymous_8)
FNDA:0,(anonymous_9)
FNDA:0,(anonymous_10)
FNDA:0,(anonymous_11)
FNDA:0,(anonymous_12)
FNDA:0,(anonymous_13)
FNDA:0,(anonymous_14)
FNDA:0,(anonymous_15)
FNDA:0,(anonymous_16)
FNDA:0,(anonymous_17)
FNDA:0,(anonymous_18)
FNDA:0,(anonymous_19)
FNDA:0,(anonymous_20)
FNDA:0,(anonymous_21)
FNDA:0,(anonymous_22)
FNDA:0,(anonymous_23)
FNDA:0,(anonymous_24)
FNDA:0,(anonymous_25)
FNDA:0,(anonymous_26)
FNDA:0,(anonymous_27)
FNDA:0,(anonymous_28)
FNDA:0,(anonymous_29)
FNDA:0,(anonymous_30)
FNDA:0,(anonymous_31)
FNDA:0,(anonymous_32)
FNDA:0,(anonymous_33)
FNDA:0,(anonymous_34)
FNDA:0,(anonymous_35)
FNDA:0,(anonymous_36)
DA:20,0
DA:26,0
DA:32,0
DA:38,0
DA:44,0
DA:52,0
DA:72,0
DA:75,0
DA:78,0
DA:79,0
DA:81,0
DA:106,0
DA:109,0
DA:112,0
DA:123,0
DA:124,0
DA:128,0
DA:131,0
DA:139,0
DA:140,0
DA:160,0
DA:161,0
DA:162,0
DA:175,0
DA:178,0
DA:181,0
DA:184,0
DA:185,0
DA:188,0
DA:191,0
DA:200,0
DA:201,0
DA:202,0
DA:203,0
DA:205,0
DA:206,0
DA:209,0
DA:210,0
DA:213,0
DA:216,0
DA:217,0
DA:222,0
DA:232,0
DA:233,0
DA:236,0
DA:237,0
DA:239,0
DA:240,0
DA:241,0
DA:252,0
DA:253,0
DA:256,0
DA:257,0
DA:259,0
DA:260,0
DA:261,0
DA:271,0
DA:272,0
DA:274,0
DA:275,0
DA:277,0
DA:281,0
DA:290,0
DA:293,0
DA:294,0
DA:295,0
DA:298,0
DA:301,0
DA:310,0
DA:313,0
DA:316,0
DA:325,0
DA:328,0
DA:329,0
DA:332,0
DA:337,0
DA:338,0
DA:342,0
DA:351,0
DA:354,0
DA:357,0
LF:81
LH:0
BRDA:19,0,0,0
BRDA:124,1,0,0
BRDA:124,1,1,0
BRDA:148,2,0,0
BRDA:148,2,1,0
BRDA:205,3,0,0
BRDA:205,3,1,0
BRDA:209,4,0,0
BRDA:209,4,1,0
BRDA:216,5,0,0
BRDA:216,5,1,0
BRDA:237,6,0,0
BRDA:237,6,1,0
BRDA:257,7,0,0
BRDA:257,7,1,0
BRDA:274,8,0,0
BRDA:274,8,1,0
BRDA:337,9,0,0
BRDA:337,9,1,0
BRDA:337,10,0,0
BRDA:337,10,1,0
BRF:21
BRH:0
end_of_record
TN:
SF:scripts/journal-utils.js
FN:15,expandFolderToJournals
FN:34,(anonymous_1)
FN:35,(anonymous_2)
FN:38,(anonymous_3)
FN:58,resolveToJournalIds
FN:78,(anonymous_5)
FN:106,getAllJournalIds
FN:112,(anonymous_7)
FN:120,isJournalFolder
FN:134,isJournal
FN:147,getSelectionStats
FNF:11
FNH:0
FNDA:0,expandFolderToJournals
FNDA:0,(anonymous_1)
FNDA:0,(anonymous_2)
FNDA:0,(anonymous_3)
FNDA:0,resolveToJournalIds
FNDA:0,(anonymous_5)
FNDA:0,getAllJournalIds
FNDA:0,(anonymous_7)
FNDA:0,isJournalFolder
FNDA:0,isJournal
FNDA:0,getSelectionStats
DA:16,0
DA:17,0
DA:21,0
DA:22,0
DA:23,0
DA:27,0
DA:28,0
DA:31,0
DA:34,0
DA:35,0
DA:38,0
DA:39,0
DA:42,0
DA:43,0
DA:44,0
DA:47,0
DA:49,0
DA:59,0
DA:60,0
DA:61,0
DA:64,0
DA:66,0
DA:67,0
DA:68,0
DA:69,0
DA:73,0
DA:74,0
DA:76,0
DA:77,0
DA:78,0
DA:80,0
DA:82,0
DA:86,0
DA:87,0
DA:88,0
DA:89,0
DA:93,0
DA:96,0
DA:97,0
DA:99,0
DA:107,0
DA:108,0
DA:109,0
DA:112,0
DA:121,0
DA:122,0
DA:125,0
DA:126,0
DA:135,0
DA:136,0
DA:139,0
DA:148,0
DA:149,0
DA:152,0
DA:153,0
DA:154,0
DA:156,0
DA:157,0
DA:158,0
DA:159,0
DA:160,0
DA:164,0
LF:62
LH:0
BRDA:16,0,0,0
BRDA:16,0,1,0
BRDA:16,1,0,0
BRDA:16,1,1,0
BRDA:22,2,0,0
BRDA:22,2,1,0
BRDA:27,3,0,0
BRDA:27,3,1,0
BRDA:39,4,0,0
BRDA:39,4,1,0
BRDA:59,5,0,0
BRDA:59,5,1,0
BRDA:67,6,0,0
BRDA:67,6,1,0
BRDA:67,7,0,0
BRDA:67,7,1,0
BRDA:74,8,0,0
BRDA:74,8,1,0
BRDA:74,9,0,0
BRDA:74,9,1,0
BRDA:87,10,0,0
BRDA:87,10,1,0
BRDA:107,11,0,0
BRDA:107,11,1,0
BRDA:121,12,0,0
BRDA:121,12,1,0
BRDA:121,13,0,0
BRDA:121,13,1,0
BRDA:126,14,0,0
BRDA:126,14,1,0
BRDA:135,15,0,0
BRDA:135,15,1,0
BRDA:135,16,0,0
BRDA:135,16,1,0
BRDA:148,17,0,0
BRDA:148,17,1,0
BRDA:157,18,0,0
BRDA:157,18,1,0
BRDA:159,19,0,0
BRDA:159,19,1,0
BRF:40
BRH:0
end_of_record
TN:
SF:scripts/rules-reference.js
FN:62,(anonymous_0)
FN:117,(anonymous_1)
FN:125,(anonymous_2)
FN:133,(anonymous_3)
FN:141,(anonymous_4)
FN:149,(anonymous_5)
FN:157,(anonymous_6)
FN:170,(anonymous_7)
FN:180,(anonymous_8)
FN:189,(anonymous_9)
FN:198,(anonymous_10)
FN:210,(anonymous_11)
FN:220,(anonymous_12)
FN:235,(anonymous_13)
FN:309,(anonymous_14)
FN:372,(anonymous_15)
FN:456,(anonymous_16)
FN:466,(anonymous_17)
FN:474,(anonymous_18)
FN:484,(anonymous_19)
FN:508,(anonymous_20)
FN:541,(anonymous_21)
FN:558,(anonymous_22)
FN:611,(anonymous_23)
FN:627,(anonymous_24)
FN:629,(anonymous_25)
FN:682,(anonymous_26)
FN:706,(anonymous_27)
FN:729,(anonymous_28)
FN:739,(anonymous_29)
FN:803,(anonymous_30)
FN:866,(anonymous_31)
FNF:32
FNH:0
FNDA:0,(anonymous_0)
FNDA:0,(anonymous_1)
FNDA:0,(anonymous_2)
FNDA:0,(anonymous_3)
FNDA:0,(anonymous_4)
FNDA:0,(anonymous_5)
FNDA:0,(anonymous_6)
FNDA:0,(anonymous_7)
FNDA:0,(anonymous_8)
FNDA:0,(anonymous_9)
FNDA:0,(anonymous_10)
FNDA:0,(anonymous_11)
FNDA:0,(anonymous_12)
FNDA:0,(anonymous_13)
FNDA:0,(anonymous_14)
FNDA:0,(anonymous_15)
FNDA:0,(anonymous_16)
FNDA:0,(anonymous_17)
FNDA:0,(anonymous_18)
FNDA:0,(anonymous_19)
FNDA:0,(anonymous_20)
FNDA:0,(anonymous_21)
FNDA:0,(anonymous_22)
FNDA:0,(anonymous_23)
FNDA:0,(anonymous_24)
FNDA:0,(anonymous_25)
FNDA:0,(anonymous_26)
FNDA:0,(anonymous_27)
FNDA:0,(anonymous_28)
FNDA:0,(anonymous_29)
FNDA:0,(anonymous_30)
FNDA:0,(anonymous_31)
DA:13,0
DA:19,0
DA:68,0
DA:75,0
DA:82,0
DA:89,0
DA:96,0
DA:103,0
DA:110,0
DA:118,0
DA:126,0
DA:134,0
DA:142,0
DA:150,0
DA:159,0
DA:172,0
DA:182,0
DA:191,0
DA:199,0
DA:200,0
DA:201,0
DA:202,0
DA:203,0
DA:212,0
DA:222,0
DA:236,0
DA:237,0
DA:245,0
DA:246,0
DA:247,0
DA:248,0
DA:249,0
DA:252,0
DA:253,0
DA:254,0
DA:255,0
DA:256,0
DA:257,0
DA:260,0
DA:261,0
DA:262,0
DA:265,0
DA:270,0
DA:271,0
DA:272,0
DA:273,0
DA:274,0
DA:275,0
DA:276,0
DA:277,0
DA:279,0
DA:280,0
DA:286,0
DA:287,0
DA:291,0
DA:292,0
DA:295,0
DA:310,0
DA:373,0
DA:457,0
DA:465,0
DA:466,0
DA:475,0
DA:476,0
DA:485,0
DA:486,0
DA:489,0
DA:490,0
DA:492,0
DA:509,0
DA:510,0
DA:511,0
DA:514,0
DA:515,0
DA:516,0
DA:518,0
DA:521,0
DA:523,0
DA:524,0
DA:528,0
DA:529,0
DA:532,0
DA:533,0
DA:534,0
DA:536,0
DA:541,0
DA:544,0
DA:546,0
DA:548,0
DA:559,0
DA:562,0
DA:565,0
DA:566,0
DA:567,0
DA:568,0
DA:571,0
DA:573,0
DA:574,0
DA:575,0
DA:578,0
DA:579,0
DA:580,0
DA:584,0
DA:585,0
DA:589,0
DA:591,0
DA:592,0
DA:601,0
DA:612,0
DA:614,0
DA:615,0
DA:616,0
DA:620,0
DA:621,0
DA:624,0
DA:626,0
DA:627,0
DA:628,0
DA:630,0
DA:631,0
DA:635,0
DA:638,0
DA:639,0
DA:640,0
DA:641,0
DA:644,0
DA:645,0
DA:646,0
DA:647,0
DA:651,0
DA:652,0
DA:653,0
DA:658,0
DA:661,0
DA:671,0
DA:672,0
DA:683,0
DA:684,0
DA:688,0
DA:689,0
DA:692,0
DA:695,0
DA:697,0
DA:707,0
DA:710,0
DA:711,0
DA:715,0
DA:716,0
DA:720,0
DA:721,0
DA:725,0
DA:726,0
DA:729,0
DA:740,0
DA:750,0
DA:751,0
DA:752,0
DA:753,0
DA:758,0
DA:759,0
DA:762,0
DA:763,0
DA:766,0
DA:767,0
DA:768,0
DA:770,0
DA:772,0
DA:773,0
DA:775,0
DA:776,0
DA:782,0
DA:783,0
DA:787,0
DA:788,0
DA:792,0
DA:794,0
DA:804,0
DA:805,0
DA:808,0
DA:811,0
DA:840,0
DA:841,0
DA:845,0
DA:846,0
DA:847,0
DA:852,0
DA:853,0
DA:854,0
DA:857,0
DA:867,0
DA:870,0
DA:871,0
DA:875,0
DA:876,0
DA:877,0
DA:879,0
DA:881,0
DA:883,0
DA:887,0
LF:199
LH:0
BRDA:62,0,0,0
BRDA:68,1,0,0
BRDA:68,1,1,0
BRDA:75,2,0,0
BRDA:75,2,1,0
BRDA:126,3,0,0
BRDA:126,3,1,0
BRDA:142,4,0,0
BRDA:142,4,1,0
BRDA:170,5,0,0
BRDA:236,6,0,0
BRDA:236,6,1,0
BRDA:236,7,0,0
BRDA:236,7,1,0
BRDA:236,7,2,0
BRDA:255,8,0,0
BRDA:255,8,1,0
BRDA:261,9,0,0
BRDA:261,9,1,0
BRDA:261,10,0,0
BRDA:261,10,1,0
BRDA:273,11,0,0
BRDA:273,11,1,0
BRDA:279,12,0,0
BRDA:279,12,1,0
BRDA:286,13,0,0
BRDA:286,13,1,0
BRDA:286,14,0,0
BRDA:286,14,1,0
BRDA:291,15,0,0
BRDA:291,15,1,0
BRDA:291,16,0,0
BRDA:291,16,1,0
BRDA:476,17,0,0
BRDA:476,17,1,0
BRDA:485,18,0,0
BRDA:485,18,1,0
BRDA:485,19,0,0
BRDA:485,19,1,0
BRDA:508,20,0,0
BRDA:509,21,0,0
BRDA:509,21,1,0
BRDA:509,22,0,0
BRDA:509,22,1,0
BRDA:509,22,2,0
BRDA:515,23,0,0
BRDA:515,23,1,0
BRDA:523,24,0,0
BRDA:523,24,1,0
BRDA:523,25,0,0
BRDA:523,25,1,0
BRDA:528,26,0,0
BRDA:528,26,1,0
BRDA:528,27,0,0
BRDA:528,27,1,0
BRDA:571,28,0,0
BRDA:571,28,1,0
BRDA:573,29,0,0
BRDA:573,29,1,0
BRDA:578,30,0,0
BRDA:578,30,1,0
BRDA:591,31,0,0
BRDA:591,31,1,0
BRDA:615,32,0,0
BRDA:615,32,1,0
BRDA:624,33,0,0
BRDA:624,33,1,0
BRDA:626,34,0,0
BRDA:626,34,1,0
BRDA:630,35,0,0
BRDA:630,35,1,0
BRDA:638,36,0,0
BRDA:638,36,1,0
BRDA:639,37,0,0
BRDA:639,37,1,0
BRDA:641,38,0,0
BRDA:641,38,1,0
BRDA:644,39,0,0
BRDA:644,39,1,0
BRDA:645,40,0,0
BRDA:645,40,1,0
BRDA:651,41,0,0
BRDA:651,41,1,0
BRDA:651,41,2,0
BRDA:652,42,0,0
BRDA:652,42,1,0
BRDA:663,43,0,0
BRDA:663,43,1,0
BRDA:667,44,0,0
BRDA:667,44,1,0
BRDA:683,45,0,0
BRDA:683,45,1,0
BRDA:683,46,0,0
BRDA:683,46,1,0
BRDA:692,47,0,0
BRDA:692,47,1,0
BRDA:692,47,2,0
BRDA:710,48,0,0
BRDA:710,48,1,0
BRDA:715,49,0,0
BRDA:715,49,1,0
BRDA:720,50,0,0
BRDA:720,50,1,0
BRDA:725,51,0,0
BRDA:725,51,1,0
BRDA:729,52,0,0
BRDA:729,52,1,0
BRDA:742,53,0,0
BRDA:742,53,1,0
BRDA:750,54,0,0
BRDA:750,54,1,0
BRDA:752,55,0,0
BRDA:752,55,1,0
BRDA:758,56,0,0
BRDA:758,56,1,0
BRDA:762,57,0,0
BRDA:762,57,1,0
BRDA:767,58,0,0
BRDA:767,58,1,0
BRDA:770,59,0,0
BRDA:770,59,1,0
BRDA:772,60,0,0
BRDA:772,60,1,0
BRDA:775,61,0,0
BRDA:775,61,1,0
BRDA:782,62,0,0
BRDA:782,62,1,0
BRDA:782,63,0,0
BRDA:782,63,1,0
BRDA:787,64,0,0
BRDA:787,64,1,0
BRDA:804,65,0,0
BRDA:804,65,1,0
BRDA:804,66,0,0
BRDA:804,66,1,0
BRDA:840,67,0,0
BRDA:840,67,1,0
BRDA:846,68,0,0
BRDA:846,68,1,0
BRDA:853,69,0,0
BRDA:853,69,1,0
BRDA:870,70,0,0
BRDA:870,70,1,0
BRDA:875,71,0,0
BRDA:875,71,1,0
BRDA:876,72,0,0
BRDA:876,72,1,0
BRDA:881,73,0,0
BRDA:881,73,1,0
BRF:149
BRH:0
end_of_record
TN:
SF:scripts/scene-detector.js
FN:50,(anonymous_0)
FN:201,(anonymous_1)
FN:209,(anonymous_2)
FN:220,(anonymous_3)
FN:228,(anonymous_4)
FN:248,(anonymous_5)
FN:295,(anonymous_6)
FN:320,(anonymous_7)
FN:364,(anonymous_8)
FN:372,(anonymous_9)
FN:383,(anonymous_10)
FN:390,(anonymous_11)
FN:403,(anonymous_12)
FN:440,(anonymous_13)
FN:460,(anonymous_14)
FN:476,(anonymous_15)
FNF:16
FNH:0
FNDA:0,(anonymous_0)
FNDA:0,(anonymous_1)
FNDA:0,(anonymous_2)
FNDA:0,(anonymous_3)
FNDA:0,(anonymous_4)
FNDA:0,(anonymous_5)
FNDA:0,(anonymous_6)
FNDA:0,(anonymous_7)
FNDA:0,(anonymous_8)
FNDA:0,(anonymous_9)
FNDA:0,(anonymous_10)
FNDA:0,(anonymous_11)
FNDA:0,(anonymous_12)
FNDA:0,(anonymous_13)
FNDA:0,(anonymous_14)
FNDA:0,(anonymous_15)
DA:13,0
DA:56,0
DA:63,0
DA:70,0
DA:77,0
DA:84,0
DA:91,0
DA:98,0
DA:105,0
DA:112,0
DA:135,0
DA:149,0
DA:162,0
DA:173,0
DA:202,0
DA:210,0
DA:211,0
DA:212,0
DA:221,0
DA:229,0
DA:231,0
DA:232,0
DA:234,0
DA:235,0
DA:237,0
DA:238,0
DA:249,0
DA:250,0
DA:259,0
DA:262,0
DA:263,0
DA:264,0
DA:265,0
DA:270,0
DA:271,0
DA:272,0
DA:273,0
DA:278,0
DA:279,0
DA:280,0
DA:281,0
DA:285,0
DA:286,0
DA:287,0
DA:288,0
DA:294,0
DA:295,0
DA:296,0
DA:299,0
DA:300,0
DA:301,0
DA:302,0
DA:306,0
DA:321,0
DA:322,0
DA:325,0
DA:333,0
DA:334,0
DA:335,0
DA:336,0
DA:342,0
DA:343,0
DA:345,0
DA:346,0
DA:347,0
DA:348,0
DA:353,0
DA:354,0
DA:357,0
DA:365,0
DA:373,0
DA:374,0
DA:375,0
DA:384,0
DA:391,0
DA:392,0
DA:404,0
DA:405,0
DA:407,0
DA:408,0
DA:409,0
DA:410,0
DA:411,0
DA:421,0
DA:422,0
DA:425,0
DA:441,0
DA:448,0
DA:449,0
DA:461,0
DA:462,0
DA:464,0
DA:465,0
DA:467,0
DA:468,0
DA:477,0
LF:96
LH:0
BRDA:50,0,0,0
BRDA:56,1,0,0
BRDA:56,1,1,0
BRDA:63,2,0,0
BRDA:63,2,1,0
BRDA:210,3,0,0
BRDA:210,3,1,0
BRDA:229,4,0,0
BRDA:229,4,1,0
BRDA:229,4,2,0
BRDA:248,5,0,0
BRDA:249,6,0,0
BRDA:249,6,1,0
BRDA:249,7,0,0
BRDA:249,7,1,0
BRDA:262,8,0,0
BRDA:262,8,1,0
BRDA:264,9,0,0
BRDA:264,9,1,0
BRDA:270,10,0,0
BRDA:270,10,1,0
BRDA:272,11,0,0
BRDA:272,11,1,0
BRDA:278,12,0,0
BRDA:278,12,1,0
BRDA:280,13,0,0
BRDA:280,13,1,0
BRDA:285,14,0,0
BRDA:285,14,1,0
BRDA:287,15,0,0
BRDA:287,15,1,0
BRDA:294,16,0,0
BRDA:294,16,1,0
BRDA:296,17,0,0
BRDA:296,17,1,0
BRDA:299,18,0,0
BRDA:299,18,1,0
BRDA:321,19,0,0
BRDA:321,19,1,0
BRDA:321,20,0,0
BRDA:321,20,1,0
BRDA:335,21,0,0
BRDA:335,21,1,0
BRDA:346,22,0,0
BRDA:346,22,1,0
BRDA:353,23,0,0
BRDA:353,23,1,0
BRDA:373,24,0,0
BRDA:373,24,1,0
BRDA:409,25,0,0
BRDA:409,25,1,0
BRDA:409,26,0,0
BRDA:409,26,1,0
BRDA:421,27,0,0
BRDA:421,27,1,0
BRDA:448,28,0,0
BRDA:448,28,1,0
BRDA:461,29,0,0
BRDA:461,29,1,0
BRDA:464,30,0,0
BRDA:464,30,1,0
BRDA:467,31,0,0
BRDA:467,31,1,0
BRF:63
BRH:0
end_of_record
TN:
SF:scripts/session-analytics.js
FN:84,(anonymous_0)
FN:147,(anonymous_1)
FN:176,(anonymous_2)
FN:210,(anonymous_3)
FN:219,(anonymous_4)
FN:229,(anonymous_5)
FN:268,(anonymous_6)
FN:274,(anonymous_7)
FN:294,(anonymous_8)
FN:295,(anonymous_9)
FN:302,(anonymous_10)
FN:311,(anonymous_11)
FN:348,(anonymous_12)
FN:355,(anonymous_13)
FN:363,(anonymous_14)
FN:381,(anonymous_15)
FN:391,(anonymous_16)
FN:401,(anonymous_17)
FN:409,(anonymous_18)
FN:417,(anonymous_19)
FN:425,(anonymous_20)
FN:453,(anonymous_21)
FNF:22
FNH:0
FNDA:0,(anonymous_0)
FNDA:0,(anonymous_1)
FNDA:0,(anonymous_2)
FNDA:0,(anonymous_3)
FNDA:0,(anonymous_4)
FNDA:0,(anonymous_5)
FNDA:0,(anonymous_6)
FNDA:0,(anonymous_7)
FNDA:0,(anonymous_8)
FNDA:0,(anonymous_9)
FNDA:0,(anonymous_10)
FNDA:0,(anonymous_11)
FNDA:0,(anonymous_12)
FNDA:0,(anonymous_13)
FNDA:0,(anonymous_14)
FNDA:0,(anonymous_15)
FNDA:0,(anonymous_16)
FNDA:0,(anonymous_17)
FNDA:0,(anonymous_18)
FNDA:0,(anonymous_19)
FNDA:0,(anonymous_20)
FNDA:0,(anonymous_21)
DA:13,0
DA:19,0
DA:90,0
DA:97,0
DA:104,0
DA:111,0
DA:118,0
DA:125,0
DA:132,0
DA:139,0
DA:149,0
DA:150,0
DA:154,0
DA:155,0
DA:157,0
DA:165,0
DA:166,0
DA:167,0
DA:169,0
DA:177,0
DA:178,0
DA:181,0
DA:182,0
DA:183,0
DA:184,0
DA:187,0
DA:190,0
DA:193,0
DA:196,0
DA:197,0
DA:201,0
DA:202,0
DA:204,0
DA:211,0
DA:212,0
DA:220,0
DA:221,0
DA:230,0
DA:231,0
DA:232,0
DA:235,0
DA:236,0
DA:237,0
DA:240,0
DA:243,0
DA:244,0
DA:256,0
DA:257,0
DA:259,0
DA:260,0
DA:261,0
DA:262,0
DA:269,0
DA:270,0
DA:273,0
DA:274,0
DA:279,0
DA:280,0
DA:281,0
DA:284,0
DA:295,0
DA:303,0
DA:312,0
DA:313,0
DA:316,0
DA:317,0
DA:318,0
DA:321,0
DA:322,0
DA:323,0
DA:330,0
DA:331,0
DA:334,0
DA:335,0
DA:336,0
DA:338,0
DA:339,0
DA:342,0
DA:343,0
DA:348,0
DA:356,0
DA:357,0
DA:360,0
DA:362,0
DA:363,0
DA:365,0
DA:382,0
DA:383,0
DA:385,0
DA:392,0
DA:393,0
DA:394,0
DA:395,0
DA:402,0
DA:410,0
DA:418,0
DA:426,0
DA:427,0
DA:428,0
DA:431,0
DA:432,0
DA:442,0
DA:444,0
DA:445,0
DA:454,0
DA:455,0
DA:456,0
DA:459,0
DA:460,0
DA:462,0
DA:463,0
DA:467,0
DA:468,0
DA:472,0
DA:473,0
DA:474,0
DA:475,0
DA:476,0
DA:477,0
DA:480,0
DA:481,0
LF:121
LH:0
BRDA:84,0,0,0
BRDA:90,1,0,0
BRDA:90,1,1,0
BRDA:97,2,0,0
BRDA:97,2,1,0
BRDA:104,3,0,0
BRDA:104,3,1,0
BRDA:147,4,0,0
BRDA:149,5,0,0
BRDA:149,5,1,0
BRDA:149,6,0,0
BRDA:149,6,1,0
BRDA:154,7,0,0
BRDA:154,7,1,0
BRDA:177,8,0,0
BRDA:177,8,1,0
BRDA:177,9,0,0
BRDA:177,9,1,0
BRDA:196,10,0,0
BRDA:196,10,1,0
BRDA:211,11,0,0
BRDA:211,11,1,0
BRDA:211,12,0,0
BRDA:211,12,1,0
BRDA:220,13,0,0
BRDA:220,13,1,0
BRDA:220,14,0,0
BRDA:220,14,1,0
BRDA:230,15,0,0
BRDA:230,15,1,0
BRDA:235,16,0,0
BRDA:235,16,1,0
BRDA:235,17,0,0
BRDA:235,17,1,0
BRDA:235,17,2,0
BRDA:235,17,3,0
BRDA:243,18,0,0
BRDA:243,18,1,0
BRDA:269,19,0,0
BRDA:269,19,1,0
BRDA:281,20,0,0
BRDA:281,20,1,0
BRDA:284,21,0,0
BRDA:284,21,1,0
BRDA:311,22,0,0
BRDA:312,23,0,0
BRDA:312,23,1,0
BRDA:322,24,0,0
BRDA:322,24,1,0
BRDA:338,25,0,0
BRDA:338,25,1,0
BRDA:356,26,0,0
BRDA:356,26,1,0
BRDA:370,27,0,0
BRDA:370,27,1,0
BRDA:371,28,0,0
BRDA:371,28,1,0
BRDA:381,29,0,0
BRDA:382,30,0,0
BRDA:382,30,1,0
BRDA:382,31,0,0
BRDA:382,31,1,0
BRDA:410,32,0,0
BRDA:410,32,1,0
BRDA:418,33,0,0
BRDA:418,33,1,0
BRDA:426,34,0,0
BRDA:426,34,1,0
BRDA:434,35,0,0
BRDA:434,35,1,0
BRDA:454,36,0,0
BRDA:454,36,1,0
BRDA:462,37,0,0
BRDA:462,37,1,0
BRDA:467,38,0,0
BRDA:467,38,1,0
BRDA:472,39,0,0
BRDA:472,39,1,0
BRDA:475,40,0,0
BRDA:475,40,1,0
BRDA:476,41,0,0
BRDA:476,41,1,0
BRDA:477,42,0,0
BRDA:477,42,1,0
BRF:84
BRH:0
end_of_record
TN:
SF:scripts/settings.js
FN:33,registerSettings
FN:42,(anonymous_1)
FN:155,(anonymous_2)
FN:163,(anonymous_3)
FN:172,(anonymous_4)
FN:180,(anonymous_5)
FN:188,(anonymous_6)
FN:196,(anonymous_7)
FN:205,(anonymous_8)
FN:213,(anonymous_9)
FN:221,(anonymous_10)
FN:229,(anonymous_11)
FN:238,(anonymous_12)
FN:246,(anonymous_13)
FN:254,(anonymous_14)
FN:262,(anonymous_15)
FN:271,(anonymous_16)
FN:288,(anonymous_17)
FNF:18
FNH:0
FNDA:0,registerSettings
FNDA:0,(anonymous_1)
FNDA:0,(anonymous_2)
FNDA:0,(anonymous_3)
FNDA:0,(anonymous_4)
FNDA:0,(anonymous_5)
FNDA:0,(anonymous_6)
FNDA:0,(anonymous_7)
FNDA:0,(anonymous_8)
FNDA:0,(anonymous_9)
FNDA:0,(anonymous_10)
FNDA:0,(anonymous_11)
FNDA:0,(anonymous_12)
FNDA:0,(anonymous_13)
FNDA:0,(anonymous_14)
FNDA:0,(anonymous_15)
FNDA:0,(anonymous_16)
FNDA:0,(anonymous_17)
DA:11,0
DA:17,0
DA:35,0
DA:43,0
DA:44,0
DA:50,0
DA:68,0
DA:78,0
DA:88,0
DA:103,0
DA:113,0
DA:123,0
DA:133,0
DA:156,0
DA:164,0
DA:173,0
DA:181,0
DA:189,0
DA:197,0
DA:206,0
DA:214,0
DA:222,0
DA:230,0
DA:239,0
DA:247,0
DA:255,0
DA:263,0
DA:264,0
DA:272,0
DA:274,0
DA:275,0
DA:278,0
DA:289,0
LF:33
LH:0
BRDA:43,0,0,0
BRDA:43,0,1,0
BRDA:164,1,0,0
BRDA:164,1,1,0
BRDA:181,2,0,0
BRDA:181,2,1,0
BRDA:189,3,0,0
BRDA:189,3,1,0
BRDA:214,4,0,0
BRDA:214,4,1,0
BRDA:222,5,0,0
BRDA:222,5,1,0
BRDA:230,6,0,0
BRDA:230,6,1,0
BRDA:247,7,0,0
BRDA:247,7,1,0
BRDA:255,8,0,0
BRDA:255,8,1,0
BRDA:264,9,0,0
BRDA:264,9,1,0
BRDA:274,10,0,0
BRDA:274,10,1,0
BRF:22
BRH:0
end_of_record
TN:
SF:scripts/speaker-labels.js
FN:28,(anonymous_0)
FN:48,(anonymous_1)
FN:61,(anonymous_2)
FN:72,(anonymous_3)
FN:102,(anonymous_4)
FN:115,(anonymous_5)
FN:128,(anonymous_6)
FN:148,(anonymous_7)
FN:158,(anonymous_8)
FN:163,(anonymous_9)
FN:183,(anonymous_10)
FN:192,(anonymous_11)
FN:205,(anonymous_12)
FN:240,(anonymous_13)
FN:254,(anonymous_14)
FN:264,(anonymous_15)
FNF:16
FNH:0
FNDA:0,(anonymous_0)
FNDA:0,(anonymous_1)
FNDA:0,(anonymous_2)
FNDA:0,(anonymous_3)
FNDA:0,(anonymous_4)
FNDA:0,(anonymous_5)
FNDA:0,(anonymous_6)
FNDA:0,(anonymous_7)
FNDA:0,(anonymous_8)
FNDA:0,(anonymous_9)
FNDA:0,(anonymous_10)
FNDA:0,(anonymous_11)
FNDA:0,(anonymous_12)
FNDA:0,(anonymous_13)
FNDA:0,(anonymous_14)
FNDA:0,(anonymous_15)
DA:13,0
DA:34,0
DA:41,0
DA:49,0
DA:50,0
DA:53,0
DA:54,0
DA:62,0
DA:74,0
DA:75,0
DA:78,0
DA:79,0
DA:83,0
DA:84,0
DA:86,0
DA:87,0
DA:91,0
DA:94,0
DA:103,0
DA:104,0
DA:107,0
DA:108,0
DA:116,0
DA:117,0
DA:118,0
DA:120,0
DA:129,0
DA:130,0
DA:133,0
DA:134,0
DA:136,0
DA:137,0
DA:138,0
DA:141,0
DA:149,0
DA:150,0
DA:159,0
DA:160,0
DA:163,0
DA:165,0
DA:168,0
DA:169,0
DA:170,0
DA:171,0
DA:175,0
DA:184,0
DA:193,0
DA:194,0
DA:197,0
DA:206,0
DA:208,0
DA:210,0
DA:212,0
DA:222,0
DA:225,0
DA:226,0
DA:227,0
DA:230,0
DA:231,0
DA:241,0
DA:242,0
DA:243,0
DA:245,0
DA:246,0
DA:255,0
DA:256,0
DA:265,0
DA:266,0
DA:268,0
DA:269,0
DA:273,0
DA:276,0
DA:277,0
DA:278,0
DA:283,0
DA:284,0
DA:286,0
DA:287,0
LF:78
LH:0
BRDA:49,0,0,0
BRDA:49,0,1,0
BRDA:74,1,0,0
BRDA:74,1,1,0
BRDA:74,2,0,0
BRDA:74,2,1,0
BRDA:78,3,0,0
BRDA:78,3,1,0
BRDA:78,4,0,0
BRDA:78,4,1,0
BRDA:86,5,0,0
BRDA:86,5,1,0
BRDA:86,6,0,0
BRDA:86,6,1,0
BRDA:103,7,0,0
BRDA:103,7,1,0
BRDA:103,8,0,0
BRDA:103,8,1,0
BRDA:108,9,0,0
BRDA:108,9,1,0
BRDA:129,10,0,0
BRDA:129,10,1,0
BRDA:129,11,0,0
BRDA:129,11,1,0
BRDA:136,12,0,0
BRDA:136,12,1,0
BRDA:159,13,0,0
BRDA:159,13,1,0
BRDA:168,14,0,0
BRDA:168,14,1,0
BRDA:170,15,0,0
BRDA:170,15,1,0
BRDA:193,16,0,0
BRDA:193,16,1,0
BRDA:193,17,0,0
BRDA:193,17,1,0
BRDA:210,18,0,0
BRDA:210,18,1,0
BRDA:222,19,0,0
BRDA:222,19,1,0
BRDA:268,20,0,0
BRDA:268,20,1,0
BRDA:268,21,0,0
BRDA:268,21,1,0
BRDA:277,22,0,0
BRDA:277,22,1,0
BRDA:277,23,0,0
BRDA:277,23,1,0
BRF:48
BRH:0
end_of_record
TN:
SF:scripts/transcription.js
FN:62,(anonymous_0)
FN:124,(anonymous_1)
FN:132,(anonymous_2)
FN:140,(anonymous_3)
FN:148,(anonymous_4)
FN:156,(anonymous_5)
FN:164,(anonymous_6)
FN:172,(anonymous_7)
FN:180,(anonymous_8)
FN:188,(anonymous_9)
FN:203,(anonymous_10)
FN:261,(anonymous_11)
FN:303,(anonymous_12)
FN:316,(anonymous_13)
FN:347,(anonymous_14)
FN:383,(anonymous_15)
FN:401,(anonymous_16)
FN:418,(anonymous_17)
FN:446,(anonymous_18)
FN:452,(anonymous_19)
FN:471,(anonymous_20)
FN:474,(anonymous_21)
FN:478,(anonymous_22)
FN:496,(anonymous_23)
FN:544,(anonymous_24)
FN:555,(anonymous_25)
FN:572,(anonymous_26)
FN:583,(anonymous_27)
FN:593,(anonymous_28)
FN:595,(anonymous_29)
FN:597,(anonymous_30)
FN:610,(anonymous_31)
FN:621,(anonymous_32)
FN:632,(anonymous_33)
FN:656,(anonymous_34)
FN:669,(anonymous_35)
FN:678,(anonymous_36)
FNF:37
FNH:0
FNDA:0,(anonymous_0)
FNDA:0,(anonymous_1)
FNDA:0,(anonymous_2)
FNDA:0,(anonymous_3)
FNDA:0,(anonymous_4)
FNDA:0,(anonymous_5)
FNDA:0,(anonymous_6)
FNDA:0,(anonymous_7)
FNDA:0,(anonymous_8)
FNDA:0,(anonymous_9)
FNDA:0,(anonymous_10)
FNDA:0,(anonymous_11)
FNDA:0,(anonymous_12)
FNDA:0,(anonymous_13)
FNDA:0,(anonymous_14)
FNDA:0,(anonymous_15)
FNDA:0,(anonymous_16)
FNDA:0,(anonymous_17)
FNDA:0,(anonymous_18)
FNDA:0,(anonymous_19)
FNDA:0,(anonymous_20)
FNDA:0,(anonymous_21)
FNDA:0,(anonymous_22)
FNDA:0,(anonymous_23)
FNDA:0,(anonymous_24)
FNDA:0,(anonymous_25)
FNDA:0,(anonymous_26)
FNDA:0,(anonymous_27)
FNDA:0,(anonymous_28)
FNDA:0,(anonymous_29)
FNDA:0,(anonymous_30)
FNDA:0,(anonymous_31)
FNDA:0,(anonymous_32)
FNDA:0,(anonymous_33)
FNDA:0,(anonymous_34)
FNDA:0,(anonymous_35)
FNDA:0,(anonymous_36)
DA:13,0
DA:19,0
DA:68,0
DA:75,0
DA:82,0
DA:89,0
DA:96,0
DA:103,0
DA:110,0
DA:117,0
DA:125,0
DA:133,0
DA:141,0
DA:149,0
DA:157,0
DA:165,0
DA:173,0
DA:181,0
DA:189,0
DA:190,0
DA:205,0
DA:206,0
DA:210,0
DA:211,0
DA:215,0
DA:216,0
DA:223,0
DA:224,0
DA:226,0
DA:228,0
DA:230,0
DA:233,0
DA:236,0
DA:239,0
DA:241,0
DA:243,0
DA:247,0
DA:248,0
DA:250,0
DA:263,0
DA:264,0
DA:267,0
DA:268,0
DA:271,0
DA:272,0
DA:278,0
DA:280,0
DA:282,0
DA:283,0
DA:284,0
DA:285,0
DA:288,0
DA:289,0
DA:292,0
DA:294,0
DA:302,0
DA:303,0
DA:304,0
DA:311,0
DA:314,0
DA:316,0
DA:327,0
DA:329,0
DA:332,0
DA:333,0
DA:335,0
DA:348,0
DA:351,0
DA:354,0
DA:357,0
DA:362,0
DA:363,0
DA:367,0
DA:370,0
DA:371,0
DA:374,0
DA:386,0
DA:387,0
DA:396,0
DA:397,0
DA:400,0
DA:401,0
DA:402,0
DA:409,0
DA:419,0
DA:422,0
DA:423,0
DA:431,0
DA:448,0
DA:452,0
DA:453,0
DA:461,0
DA:462,0
DA:463,0
DA:464,0
DA:467,0
DA:471,0
DA:474,0
DA:477,0
DA:478,0
DA:481,0
DA:500,0
DA:501,0
DA:502,0
DA:503,0
DA:504,0
DA:507,0
DA:509,0
DA:510,0
DA:512,0
DA:513,0
DA:515,0
DA:516,0
DA:518,0
DA:521,0
DA:525,0
DA:526,0
DA:528,0
DA:529,0
DA:531,0
DA:537,0
DA:545,0
DA:546,0
DA:556,0
DA:562,0
DA:563,0
DA:573,0
DA:574,0
DA:575,0
DA:577,0
DA:584,0
DA:594,0
DA:595,0
DA:596,0
DA:598,0
DA:599,0
DA:612,0
DA:613,0
DA:622,0
DA:623,0
DA:633,0
DA:634,0
DA:635,0
DA:638,0
DA:641,0
DA:642,0
DA:643,0
DA:647,0
DA:648,0
DA:649,0
DA:650,0
DA:651,0
DA:656,0
DA:657,0
DA:660,0
DA:662,0
DA:670,0
DA:678,0
LF:158
LH:0
BRDA:62,0,0,0
BRDA:68,1,0,0
BRDA:68,1,1,0
BRDA:82,2,0,0
BRDA:82,2,1,0
BRDA:125,3,0,0
BRDA:125,3,1,0
BRDA:133,4,0,0
BRDA:133,4,1,0
BRDA:141,5,0,0
BRDA:141,5,1,0
BRDA:173,6,0,0
BRDA:173,6,1,0
BRDA:189,7,0,0
BRDA:189,7,1,0
BRDA:189,8,0,0
BRDA:189,8,1,0
BRDA:189,8,2,0
BRDA:203,9,0,0
BRDA:205,10,0,0
BRDA:205,10,1,0
BRDA:210,11,0,0
BRDA:210,11,1,0
BRDA:210,12,0,0
BRDA:210,12,1,0
BRDA:215,13,0,0
BRDA:215,13,1,0
BRDA:223,14,0,0
BRDA:223,14,1,0
BRDA:224,15,0,0
BRDA:224,15,1,0
BRDA:247,16,0,0
BRDA:247,16,1,0
BRDA:261,17,0,0
BRDA:263,18,0,0
BRDA:263,18,1,0
BRDA:267,19,0,0
BRDA:267,19,1,0
BRDA:267,20,0,0
BRDA:267,20,1,0
BRDA:271,21,0,0
BRDA:271,21,1,0
BRDA:278,22,0,0
BRDA:278,22,1,0
BRDA:288,23,0,0
BRDA:288,23,1,0
BRDA:288,24,0,0
BRDA:288,24,1,0
BRDA:288,24,2,0
BRDA:302,25,0,0
BRDA:302,25,1,0
BRDA:305,26,0,0
BRDA:305,26,1,0
BRDA:306,27,0,0
BRDA:306,27,1,0
BRDA:315,28,0,0
BRDA:315,28,1,0
BRDA:316,29,0,0
BRDA:316,29,1,0
BRDA:322,30,0,0
BRDA:322,30,1,0
BRDA:323,31,0,0
BRDA:323,31,1,0
BRDA:332,32,0,0
BRDA:332,32,1,0
BRDA:362,33,0,0
BRDA:362,33,1,0
BRDA:362,34,0,0
BRDA:362,34,1,0
BRDA:362,34,2,0
BRDA:370,35,0,0
BRDA:370,35,1,0
BRDA:370,36,0,0
BRDA:370,36,1,0
BRDA:400,37,0,0
BRDA:400,37,1,0
BRDA:403,38,0,0
BRDA:403,38,1,0
BRDA:404,39,0,0
BRDA:404,39,1,0
BRDA:419,40,0,0
BRDA:419,40,1,0
BRDA:422,41,0,0
BRDA:422,41,1,0
BRDA:448,42,0,0
BRDA:448,42,1,0
BRDA:452,43,0,0
BRDA:452,43,1,0
BRDA:454,44,0,0
BRDA:454,44,1,0
BRDA:455,45,0,0
BRDA:455,45,1,0
BRDA:456,46,0,0
BRDA:456,46,1,0
BRDA:457,47,0,0
BRDA:457,47,1,0
BRDA:461,48,0,0
BRDA:461,48,1,0
BRDA:463,49,0,0
BRDA:463,49,1,0
BRDA:477,50,0,0
BRDA:477,50,1,0
BRDA:479,51,0,0
BRDA:479,51,1,0
BRDA:500,52,0,0
BRDA:500,52,1,0
BRDA:500,53,0,0
BRDA:500,53,1,0
BRDA:501,54,0,0
BRDA:501,54,1,0
BRDA:507,55,0,0
BRDA:507,55,1,0
BRDA:507,55,2,0
BRDA:507,55,3,0
BRDA:507,55,4,0
BRDA:507,55,5,0
BRDA:507,55,6,0
BRDA:507,55,7,0
BRDA:507,55,8,0
BRDA:545,56,0,0
BRDA:545,56,1,0
BRDA:545,57,0,0
BRDA:545,57,1,0
BRDA:562,58,0,0
BRDA:562,58,1,0
BRDA:574,59,0,0
BRDA:574,59,1,0
BRDA:574,60,0,0
BRDA:574,60,1,0
BRDA:593,61,0,0
BRDA:598,62,0,0
BRDA:598,62,1,0
BRDA:633,63,0,0
BRDA:633,63,1,0
BRDA:633,64,0,0
BRDA:633,64,1,0
BRDA:642,65,0,0
BRDA:642,65,1,0
BRDA:642,66,0,0
BRDA:642,66,1,0
BRDA:649,67,0,0
BRDA:649,67,1,0
BRF:142
BRH:0
end_of_record
TN:
SF:scripts/ui-panel.js
FN:30,(anonymous_0)
FN:171,(anonymous_1)
FN:195,(anonymous_2)
FN:238,(anonymous_3)
FN:317,(anonymous_4)
FN:329,(anonymous_5)
FN:341,(anonymous_6)
FN:393,(anonymous_7)
FN:411,(anonymous_8)
FN:424,(anonymous_9)
FN:437,(anonymous_10)
FN:450,(anonymous_11)
FN:475,(anonymous_12)
FN:482,(anonymous_13)
FN:483,(anonymous_14)
FN:497,(anonymous_15)
FN:508,(anonymous_16)
FN:518,(anonymous_17)
FN:531,(anonymous_18)
FN:542,(anonymous_19)
FN:556,(anonymous_20)
FN:566,(anonymous_21)
FN:582,(anonymous_22)
FN:592,(anonymous_23)
FN:593,(anonymous_24)
FN:609,(anonymous_25)
FN:634,(anonymous_26)
FN:673,(anonymous_27)
FN:691,(anonymous_28)
FN:709,(anonymous_29)
FN:735,(anonymous_30)
FN:751,(anonymous_31)
FN:758,(anonymous_32)
FN:759,(anonymous_33)
FN:773,(anonymous_34)
FN:789,(anonymous_35)
FN:790,(anonymous_36)
FN:808,(anonymous_37)
FN:816,(anonymous_38)
FN:820,(anonymous_39)
FN:832,(anonymous_40)
FN:847,(anonymous_41)
FN:862,(anonymous_42)
FN:879,(anonymous_43)
FN:894,(anonymous_44)
FN:922,(anonymous_45)
FN:934,(anonymous_46)
FN:944,(anonymous_47)
FN:958,(anonymous_48)
FN:977,(anonymous_49)
FN:992,(anonymous_50)
FN:1001,(anonymous_51)
FN:1009,(anonymous_52)
FN:1020,(anonymous_53)
FN:1033,(anonymous_54)
FN:1052,(anonymous_55)
FN:1073,(anonymous_56)
FN:1100,(anonymous_57)
FN:1112,(anonymous_58)
FN:1122,(anonymous_59)
FN:1130,(anonymous_60)
FN:1136,(anonymous_61)
FN:1155,(anonymous_62)
FN:1174,(anonymous_63)
FN:1184,(anonymous_64)
FN:1186,(anonymous_65)
FN:1196,(anonymous_66)
FN:1209,(anonymous_67)
FN:1227,(anonymous_68)
FN:1271,(anonymous_69)
FN:1306,(anonymous_70)
FN:1323,(anonymous_71)
FNF:72
FNH:0
FNDA:0,(anonymous_0)
FNDA:0,(anonymous_1)
FNDA:0,(anonymous_2)
FNDA:0,(anonymous_3)
FNDA:0,(anonymous_4)
FNDA:0,(anonymous_5)
FNDA:0,(anonymous_6)
FNDA:0,(anonymous_7)
FNDA:0,(anonymous_8)
FNDA:0,(anonymous_9)
FNDA:0,(anonymous_10)
FNDA:0,(anonymous_11)
FNDA:0,(anonymous_12)
FNDA:0,(anonymous_13)
FNDA:0,(anonymous_14)
FNDA:0,(anonymous_15)
FNDA:0,(anonymous_16)
FNDA:0,(anonymous_17)
FNDA:0,(anonymous_18)
FNDA:0,(anonymous_19)
FNDA:0,(anonymous_20)
FNDA:0,(anonymous_21)
FNDA:0,(anonymous_22)
FNDA:0,(anonymous_23)
FNDA:0,(anonymous_24)
FNDA:0,(anonymous_25)
FNDA:0,(anonymous_26)
FNDA:0,(anonymous_27)
FNDA:0,(anonymous_28)
FNDA:0,(anonymous_29)
FNDA:0,(anonymous_30)
FNDA:0,(anonymous_31)
FNDA:0,(anonymous_32)
FNDA:0,(anonymous_33)
FNDA:0,(anonymous_34)
FNDA:0,(anonymous_35)
FNDA:0,(anonymous_36)
FNDA:0,(anonymous_37)
FNDA:0,(anonymous_38)
FNDA:0,(anonymous_39)
FNDA:0,(anonymous_40)
FNDA:0,(anonymous_41)
FNDA:0,(anonymous_42)
FNDA:0,(anonymous_43)
FNDA:0,(anonymous_44)
FNDA:0,(anonymous_45)
FNDA:0,(anonymous_46)
FNDA:0,(anonymous_47)
FNDA:0,(anonymous_48)
FNDA:0,(anonymous_49)
FNDA:0,(anonymous_50)
FNDA:0,(anonymous_51)
FNDA:0,(anonymous_52)
FNDA:0,(anonymous_53)
FNDA:0,(anonymous_54)
FNDA:0,(anonymous_55)
FNDA:0,(anonymous_56)
FNDA:0,(anonymous_57)
FNDA:0,(anonymous_58)
FNDA:0,(anonymous_59)
FNDA:0,(anonymous_60)
FNDA:0,(anonymous_61)
FNDA:0,(anonymous_62)
FNDA:0,(anonymous_63)
FNDA:0,(anonymous_64)
FNDA:0,(anonymous_65)
FNDA:0,(anonymous_66)
FNDA:0,(anonymous_67)
FNDA:0,(anonymous_68)
FNDA:0,(anonymous_69)
FNDA:0,(anonymous_70)
FNDA:0,(anonymous_71)
DA:13,0
DA:31,0
DA:37,0
DA:43,0
DA:49,0
DA:55,0
DA:61,0
DA:67,0
DA:73,0
DA:79,0
DA:85,0
DA:91,0
DA:97,0
DA:103,0
DA:109,0
DA:115,0
DA:121,0
DA:128,0
DA:134,0
DA:140,0
DA:146,0
DA:152,0
DA:158,0
DA:164,0
DA:172,0
DA:198,0
DA:199,0
DA:201,0
DA:204,0
DA:238,0
DA:318,0
DA:319,0
DA:320,0
DA:330,0
DA:331,0
DA:332,0
DA:333,0
DA:334,0
DA:342,0
DA:345,0
DA:346,0
DA:347,0
DA:348,0
DA:351,0
DA:354,0
DA:357,0
DA:360,0
DA:363,0
DA:364,0
DA:367,0
DA:370,0
DA:373,0
DA:374,0
DA:375,0
DA:376,0
DA:379,0
DA:382,0
DA:383,0
DA:384,0
DA:385,0
DA:394,0
DA:396,0
DA:397,0
DA:398,0
DA:401,0
DA:402,0
DA:412,0
DA:414,0
DA:415,0
DA:425,0
DA:427,0
DA:428,0
DA:438,0
DA:440,0
DA:441,0
DA:451,0
DA:453,0
DA:454,0
DA:455,0
DA:458,0
DA:459,0
DA:460,0
DA:461,0
DA:462,0
DA:463,0
DA:465,0
DA:476,0
DA:479,0
DA:482,0
DA:483,0
DA:487,0
DA:488,0
DA:498,0
DA:499,0
DA:500,0
DA:509,0
DA:510,0
DA:519,0
DA:520,0
DA:521,0
DA:522,0
DA:532,0
DA:533,0
DA:534,0
DA:537,0
DA:538,0
DA:539,0
DA:542,0
DA:543,0
DA:547,0
DA:557,0
DA:558,0
DA:567,0
DA:568,0
DA:569,0
DA:570,0
DA:583,0
DA:584,0
DA:586,0
DA:587,0
DA:589,0
DA:592,0
DA:593,0
DA:597,0
DA:598,0
DA:599,0
DA:610,0
DA:611,0
DA:613,0
DA:614,0
DA:617,0
DA:618,0
DA:621,0
DA:622,0
DA:623,0
DA:624,0
DA:625,0
DA:628,0
DA:629,0
DA:630,0
DA:631,0
DA:634,0
DA:635,0
DA:637,0
DA:638,0
DA:640,0
DA:641,0
DA:643,0
DA:646,0
DA:648,0
DA:655,0
DA:657,0
DA:659,0
DA:660,0
DA:664,0
DA:665,0
DA:670,0
DA:673,0
DA:674,0
DA:675,0
DA:676,0
DA:677,0
DA:678,0
DA:680,0
DA:681,0
DA:692,0
DA:694,0
DA:695,0
DA:699,0
DA:701,0
DA:710,0
DA:712,0
DA:713,0
DA:716,0
DA:718,0
DA:721,0
DA:722,0
DA:723,0
DA:724,0
DA:727,0
DA:728,0
DA:729,0
DA:730,0
DA:731,0
DA:732,0
DA:735,0
DA:736,0
DA:737,0
DA:740,0
DA:742,0
DA:752,0
DA:755,0
DA:758,0
DA:759,0
DA:763,0
DA:764,0
DA:774,0
DA:777,0
DA:779,0
DA:780,0
DA:790,0
DA:791,0
DA:809,0
DA:810,0
DA:816,0
DA:820,0
DA:823,0
DA:833,0
DA:834,0
DA:836,0
DA:837,0
DA:838,0
DA:848,0
DA:849,0
DA:851,0
DA:852,0
DA:853,0
DA:863,0
DA:864,0
DA:866,0
DA:867,0
DA:868,0
DA:869,0
DA:870,0
DA:880,0
DA:881,0
DA:895,0
DA:896,0
DA:898,0
DA:899,0
DA:901,0
DA:902,0
DA:904,0
DA:905,0
DA:907,0
DA:908,0
DA:910,0
DA:911,0
DA:914,0
DA:923,0
DA:924,0
DA:927,0
DA:935,0
DA:945,0
DA:951,0
DA:959,0
DA:961,0
DA:962,0
DA:963,0
DA:964,0
DA:965,0
DA:966,0
DA:970,0
DA:978,0
DA:981,0
DA:982,0
DA:983,0
DA:993,0
DA:994,0
DA:995,0
DA:1002,0
DA:1003,0
DA:1010,0
DA:1011,0
DA:1012,0
DA:1013,0
DA:1014,0
DA:1021,0
DA:1022,0
DA:1023,0
DA:1024,0
DA:1025,0
DA:1026,0
DA:1034,0
DA:1035,0
DA:1039,0
DA:1040,0
DA:1042,0
DA:1045,0
DA:1053,0
DA:1054,0
DA:1058,0
DA:1059,0
DA:1060,0
DA:1063,0
DA:1064,0
DA:1075,0
DA:1076,0
DA:1077,0
DA:1078,0
DA:1083,0
DA:1086,0
DA:1093,0
DA:1101,0
DA:1102,0
DA:1106,0
DA:1113,0
DA:1114,0
DA:1115,0
DA:1123,0
DA:1131,0
DA:1132,0
DA:1136,0
DA:1142,0
DA:1156,0
DA:1157,0
DA:1161,0
DA:1167,0
DA:1168,0
DA:1175,0
DA:1176,0
DA:1177,0
DA:1185,0
DA:1186,0
DA:1187,0
DA:1188,0
DA:1197,0
DA:1198,0
DA:1199,0
DA:1210,0
DA:1211,0
DA:1215,0
DA:1216,0
DA:1217,0
DA:1228,0
DA:1231,0
DA:1232,0
DA:1233,0
DA:1237,0
DA:1239,0
DA:1240,0
DA:1242,0
DA:1243,0
DA:1254,0
DA:1255,0
DA:1263,0
DA:1272,0
DA:1275,0
DA:1276,0
DA:1277,0
DA:1281,0
DA:1283,0
DA:1284,0
DA:1285,0
DA:1286,0
DA:1287,0
DA:1288,0
DA:1289,0
DA:1290,0
DA:1291,0
DA:1295,0
DA:1296,0
DA:1299,0
DA:1307,0
DA:1308,0
DA:1314,0
DA:1316,0
DA:1324,0
DA:1325,0
DA:1326,0
DA:1327,0
DA:1328,0
DA:1330,0
DA:1333,0
LF:364
LH:0
BRDA:30,0,0,0
BRDA:198,1,0,0
BRDA:198,1,1,0
BRDA:396,2,0,0
BRDA:396,2,1,0
BRDA:401,3,0,0
BRDA:401,3,1,0
BRDA:414,4,0,0
BRDA:414,4,1,0
BRDA:427,5,0,0
BRDA:427,5,1,0
BRDA:440,6,0,0
BRDA:440,6,1,0
BRDA:453,7,0,0
BRDA:453,7,1,0
BRDA:458,8,0,0
BRDA:458,8,1,0
BRDA:460,9,0,0
BRDA:460,9,1,0
BRDA:487,10,0,0
BRDA:487,10,1,0
BRDA:537,11,0,0
BRDA:537,11,1,0
BRDA:537,12,0,0
BRDA:537,12,1,0
BRDA:569,13,0,0
BRDA:569,13,1,0
BRDA:587,14,0,0
BRDA:587,14,1,0
BRDA:587,15,0,0
BRDA:587,15,1,0
BRDA:587,15,2,0
BRDA:597,16,0,0
BRDA:597,16,1,0
BRDA:613,17,0,0
BRDA:613,17,1,0
BRDA:637,18,0,0
BRDA:637,18,1,0
BRDA:637,19,0,0
BRDA:637,19,1,0
BRDA:641,20,0,0
BRDA:641,20,1,0
BRDA:674,21,0,0
BRDA:674,21,1,0
BRDA:677,22,0,0
BRDA:677,22,1,0
BRDA:694,23,0,0
BRDA:694,23,1,0
BRDA:712,24,0,0
BRDA:712,24,1,0
BRDA:763,25,0,0
BRDA:763,25,1,0
BRDA:779,26,0,0
BRDA:779,26,1,0
BRDA:779,27,0,0
BRDA:779,27,1,0
BRDA:836,28,0,0
BRDA:836,28,1,0
BRDA:836,29,0,0
BRDA:836,29,1,0
BRDA:851,30,0,0
BRDA:851,30,1,0
BRDA:851,31,0,0
BRDA:851,31,1,0
BRDA:866,32,0,0
BRDA:866,32,1,0
BRDA:866,33,0,0
BRDA:866,33,1,0
BRDA:895,34,0,0
BRDA:895,34,1,0
BRDA:898,35,0,0
BRDA:898,35,1,0
BRDA:901,36,0,0
BRDA:901,36,1,0
BRDA:904,37,0,0
BRDA:904,37,1,0
BRDA:907,38,0,0
BRDA:907,38,1,0
BRDA:910,39,0,0
BRDA:910,39,1,0
BRDA:923,40,0,0
BRDA:923,40,1,0
BRDA:947,41,0,0
BRDA:947,41,1,0
BRDA:961,42,0,0
BRDA:961,42,1,0
BRDA:963,43,0,0
BRDA:963,43,1,0
BRDA:963,44,0,0
BRDA:963,44,1,0
BRDA:965,45,0,0
BRDA:965,45,1,0
BRDA:982,46,0,0
BRDA:982,46,1,0
BRDA:982,47,0,0
BRDA:982,47,1,0
BRDA:992,48,0,0
BRDA:1034,49,0,0
BRDA:1034,49,1,0
BRDA:1039,50,0,0
BRDA:1039,50,1,0
BRDA:1053,51,0,0
BRDA:1053,51,1,0
BRDA:1059,52,0,0
BRDA:1059,52,1,0
BRDA:1073,53,0,0
BRDA:1076,54,0,0
BRDA:1076,54,1,0
BRDA:1101,55,0,0
BRDA:1101,55,1,0
BRDA:1131,56,0,0
BRDA:1131,56,1,0
BRDA:1138,57,0,0
BRDA:1138,57,1,0
BRDA:1139,58,0,0
BRDA:1139,58,1,0
BRDA:1156,59,0,0
BRDA:1156,59,1,0
BRDA:1156,60,0,0
BRDA:1156,60,1,0
BRDA:1197,61,0,0
BRDA:1197,61,1,0
BRDA:1210,62,0,0
BRDA:1210,62,1,0
BRDA:1210,63,0,0
BRDA:1210,63,1,0
BRDA:1216,64,0,0
BRDA:1216,64,1,0
BRDA:1239,65,0,0
BRDA:1239,65,1,0
BRDA:1249,66,0,0
BRDA:1249,66,1,0
BRDA:1283,67,0,0
BRDA:1283,67,1,0
BRDA:1286,68,0,0
BRDA:1286,68,1,0
BRDA:1306,69,0,0
BRDA:1307,70,0,0
BRDA:1307,70,1,0
BRDA:1323,71,0,0
BRDA:1324,72,0,0
BRDA:1324,72,1,0
BRDA:1326,73,0,0
BRDA:1326,73,1,0
BRDA:1326,74,0,0
BRDA:1326,74,1,0
BRDA:1326,74,2,0
BRF:147
BRH:0
end_of_record
TN:
SF:scripts/vocabulary-manager.js
FN:25,(anonymous_0)
FN:52,(anonymous_1)
FN:61,(anonymous_2)
FN:72,(anonymous_3)
FN:82,(anonymous_4)
FN:105,(anonymous_5)
FN:113,(anonymous_6)
FN:124,(anonymous_7)
FN:137,(anonymous_8)
FN:138,(anonymous_9)
FN:159,(anonymous_10)
FN:180,(anonymous_11)
FN:186,(anonymous_12)
FN:195,(anonymous_13)
FN:206,(anonymous_14)
FN:237,(anonymous_15)
FN:271,(anonymous_16)
FN:281,(anonymous_17)
FN:282,(anonymous_18)
FN:283,(anonymous_19)
FN:307,(anonymous_20)
FN:319,(anonymous_21)
FNF:22
FNH:0
FNDA:0,(anonymous_0)
FNDA:0,(anonymous_1)
FNDA:0,(anonymous_2)
FNDA:0,(anonymous_3)
FNDA:0,(anonymous_4)
FNDA:0,(anonymous_5)
FNDA:0,(anonymous_6)
FNDA:0,(anonymous_7)
FNDA:0,(anonymous_8)
FNDA:0,(anonymous_9)
FNDA:0,(anonymous_10)
FNDA:0,(anonymous_11)
FNDA:0,(anonymous_12)
FNDA:0,(anonymous_13)
FNDA:0,(anonymous_14)
FNDA:0,(anonymous_15)
FNDA:0,(anonymous_16)
FNDA:0,(anonymous_17)
FNDA:0,(anonymous_18)
FNDA:0,(anonymous_19)
FNDA:0,(anonymous_20)
FNDA:0,(anonymous_21)
DA:14,0
DA:31,0
DA:38,0
DA:45,0
DA:53,0
DA:62,0
DA:63,0
DA:73,0
DA:74,0
DA:83,0
DA:84,0
DA:87,0
DA:88,0
DA:90,0
DA:91,0
DA:92,0
DA:93,0
DA:94,0
DA:98,0
DA:106,0
DA:114,0
DA:125,0
DA:126,0
DA:129,0
DA:131,0
DA:132,0
DA:136,0
DA:137,0
DA:138,0
DA:140,0
DA:141,0
DA:145,0
DA:150,0
DA:151,0
DA:160,0
DA:161,0
DA:164,0
DA:166,0
DA:167,0
DA:168,0
DA:169,0
DA:172,0
DA:181,0
DA:182,0
DA:185,0
DA:186,0
DA:188,0
DA:196,0
DA:197,0
DA:207,0
DA:208,0
DA:211,0
DA:212,0
DA:215,0
DA:216,0
DA:218,0
DA:219,0
DA:220,0
DA:221,0
DA:222,0
DA:224,0
DA:229,0
DA:238,0
DA:239,0
DA:243,0
DA:244,0
DA:247,0
DA:250,0
DA:252,0
DA:253,0
DA:257,0
DA:259,0
DA:261,0
DA:272,0
DA:273,0
DA:276,0
DA:279,0
DA:280,0
DA:281,0
DA:282,0
DA:283,0
DA:287,0
DA:288,0
DA:290,0
DA:291,0
DA:293,0
DA:294,0
DA:297,0
DA:300,0
DA:308,0
DA:320,0
LF:91
LH:0
BRDA:62,0,0,0
BRDA:62,0,1,0
BRDA:63,1,0,0
BRDA:63,1,1,0
BRDA:73,2,0,0
BRDA:73,2,1,0
BRDA:92,3,0,0
BRDA:92,3,1,0
BRDA:124,4,0,0
BRDA:125,5,0,0
BRDA:125,5,1,0
BRDA:125,6,0,0
BRDA:125,6,1,0
BRDA:131,7,0,0
BRDA:131,7,1,0
BRDA:140,8,0,0
BRDA:140,8,1,0
BRDA:140,9,0,0
BRDA:140,9,1,0
BRDA:146,10,0,0
BRDA:146,10,1,0
BRDA:160,11,0,0
BRDA:160,11,1,0
BRDA:160,12,0,0
BRDA:160,12,1,0
BRDA:166,13,0,0
BRDA:166,13,1,0
BRDA:181,14,0,0
BRDA:181,14,1,0
BRDA:181,15,0,0
BRDA:181,15,1,0
BRDA:206,16,0,0
BRDA:207,17,0,0
BRDA:207,17,1,0
BRDA:211,18,0,0
BRDA:211,18,1,0
BRDA:219,19,0,0
BRDA:219,19,1,0
BRDA:219,20,0,0
BRDA:219,20,1,0
BRDA:221,21,0,0
BRDA:221,21,1,0
BRDA:238,22,0,0
BRDA:238,22,1,0
BRDA:238,23,0,0
BRDA:238,23,1,0
BRDA:252,24,0,0
BRDA:252,24,1,0
BRDA:271,25,0,0
BRDA:272,26,0,0
BRDA:272,26,1,0
BRDA:273,27,0,0
BRDA:273,27,1,0
BRDA:283,28,0,0
BRDA:283,28,1,0
BRDA:291,29,0,0
BRDA:291,29,1,0
BRDA:293,30,0,0
BRDA:293,30,1,0
BRF:59
BRH:0
end_of_record
